#-----------------------------------------------------------
# Vivado v2019.1.3 (64-bit)
# SW Build 2644227 on Wed Sep  4 09:45:24 MDT 2019
# IP Build 2633630 on Wed Sep  4 12:30:14 MDT 2019
# Start of session at: Sun May 21 20:11:55 2023
# Process ID: 2116
# Current directory: C:/Users/G/CODE/proj_Vivado/FPGA-Audio-Visualizer/Audio_Visualizer
# Command line: vivado.exe -gui_launcher_event rodinguilauncherevent14584 C:\Users\G\CODE\proj_Vivado\FPGA-Audio-Visualizer\Audio_Visualizer\Audio_Visualizer.xpr
# Log file: C:/Users/G/CODE/proj_Vivado/FPGA-Audio-Visualizer/Audio_Visualizer/vivado.log
# Journal file: C:/Users/G/CODE/proj_Vivado/FPGA-Audio-Visualizer/Audio_Visualizer\vivado.jou
#-----------------------------------------------------------
start_gui
open_project C:/Users/G/CODE/proj_Vivado/FPGA-Audio-Visualizer/Audio_Visualizer/Audio_Visualizer.xpr
Scanning sources...
Finished scanning sources
INFO: [IP_Flow 19-234] Refreshing IP repositories
INFO: [IP_Flow 19-1704] No user IP repositories specified
INFO: [IP_Flow 19-2313] Loaded Vivado IP repository 'D:/Xilinx/Vivado/2019.1/data/ip'.
open_project: Time (s): cpu = 00:00:16 ; elapsed = 00:00:05 . Memory (MB): peak = 741.164 ; gain = 107.219
update_compile_order -fileset sources_1
exit
INFO: [Common 17-206] Exiting Vivado at Mon May 22 09:56:42 2023...
