#-----------------------------------------------------------
# Vivado v2019.1 (64-bit)
# SW Build 2552052 on Fri May 24 14:49:42 MDT 2019
# IP Build 2548770 on Fri May 24 18:01:18 MDT 2019
# Start of session at: Sat May 27 14:15:28 2023
# Process ID: 21868
# Current directory: C:/Users/games/OneDrive/Skrivebord/FPGA-Audio-Visualizer-main/Audio_Visualizer
# Command line: vivado.exe -gui_launcher_event rodinguilauncherevent19056 C:\Users\games\OneDrive\Skrivebord\FPGA-Audio-Visualizer-main\Audio_Visualizer\Audio_Visualizer.xpr
# Log file: C:/Users/games/OneDrive/Skrivebord/FPGA-Audio-Visualizer-main/Audio_Visualizer/vivado.log
# Journal file: C:/Users/games/OneDrive/Skrivebord/FPGA-Audio-Visualizer-main/Audio_Visualizer\vivado.jou
#-----------------------------------------------------------
start_gui
open_project C:/Users/games/OneDrive/Skrivebord/FPGA-Audio-Visualizer-main/Audio_Visualizer/Audio_Visualizer.xpr
Scanning sources...
Finished scanning sources
INFO: [IP_Flow 19-234] Refreshing IP repositories
INFO: [IP_Flow 19-1704] No user IP repositories specified
INFO: [IP_Flow 19-2313] Loaded Vivado IP repository 'C:/Xilinx/Vivado/2019.1/data/ip'.
update_compile_order -fileset sources_1
reset_run synth_1
launch_runs impl_1 -to_step write_bitstream -jobs 8
[Sat May 27 14:20:46 2023] Launched synth_1...
Run output will be captured here: C:/Users/games/OneDrive/Skrivebord/FPGA-Audio-Visualizer-main/Audio_Visualizer/Audio_Visualizer.runs/synth_1/runme.log
[Sat May 27 14:20:46 2023] Launched impl_1...
Run output will be captured here: C:/Users/games/OneDrive/Skrivebord/FPGA-Audio-Visualizer-main/Audio_Visualizer/Audio_Visualizer.runs/impl_1/runme.log
open_hw
connect_hw_server
INFO: [Labtools 27-2285] Connecting to hw_server url TCP:localhost:3121
INFO: [Labtools 27-2222] Launching hw_server...
INFO: [Labtools 27-2221] Launch Output:

****** Xilinx hw_server v2019.1
  **** Build date : May 24 2019 at 15:13:31
    ** Copyright 1986-2019 Xilinx, Inc. All Rights Reserved.


open_hw_target
INFO: [Labtoolstcl 44-466] Opening hw_target localhost:3121/xilinx_tcf/Digilent/210248775017
set_property PROGRAM.FILE {C:/Users/games/OneDrive/Skrivebord/FPGA-Audio-Visualizer-main/Audio_Visualizer/Audio_Visualizer.runs/impl_1/Visualizer.bit} [get_hw_devices xc7z020_1]
current_hw_device [get_hw_devices xc7z020_1]
refresh_hw_device -update_hw_probes false [lindex [get_hw_devices xc7z020_1] 0]
INFO: [Labtools 27-1434] Device xc7z020 (JTAG device index = 1) is programmed with a design that has no supported debug core(s) in it.
set_property PROBES.FILE {} [get_hw_devices xc7z020_1]
set_property FULL_PROBES.FILE {} [get_hw_devices xc7z020_1]
set_property PROGRAM.FILE {C:/Users/games/OneDrive/Skrivebord/FPGA-Audio-Visualizer-main/Audio_Visualizer/Audio_Visualizer.runs/impl_1/Visualizer.bit} [get_hw_devices xc7z020_1]
program_hw_devices [get_hw_devices xc7z020_1]
INFO: [Labtools 27-3164] End of startup status: HIGH
refresh_hw_device [lindex [get_hw_devices xc7z020_1] 0]
INFO: [Labtools 27-1434] Device xc7z020 (JTAG device index = 1) is programmed with a design that has no supported debug core(s) in it.
close_hw
reset_run synth_1
WARNING: [Vivado 12-1017] Problems encountered:
1. Failed to delete one or more files in run directory C:/Users/games/OneDrive/Skrivebord/FPGA-Audio-Visualizer-main/Audio_Visualizer/Audio_Visualizer.runs/synth_1

launch_runs impl_1 -to_step write_bitstream -jobs 8
[Sat May 27 14:23:12 2023] Launched synth_1...
Run output will be captured here: C:/Users/games/OneDrive/Skrivebord/FPGA-Audio-Visualizer-main/Audio_Visualizer/Audio_Visualizer.runs/synth_1/runme.log
[Sat May 27 14:23:12 2023] Launched impl_1...
Run output will be captured here: C:/Users/games/OneDrive/Skrivebord/FPGA-Audio-Visualizer-main/Audio_Visualizer/Audio_Visualizer.runs/impl_1/runme.log
open_hw
connect_hw_server
INFO: [Labtools 27-2285] Connecting to hw_server url TCP:localhost:3121
INFO: [Labtools 27-2222] Launching hw_server...
INFO: [Labtools 27-2221] Launch Output:

****** Xilinx hw_server v2019.1
  **** Build date : May 24 2019 at 15:13:31
    ** Copyright 1986-2019 Xilinx, Inc. All Rights Reserved.


open_hw_target
INFO: [Labtoolstcl 44-466] Opening hw_target localhost:3121/xilinx_tcf/Digilent/210248775017
set_property PROGRAM.FILE {C:/Users/games/OneDrive/Skrivebord/FPGA-Audio-Visualizer-main/Audio_Visualizer/Audio_Visualizer.runs/impl_1/Visualizer.bit} [get_hw_devices xc7z020_1]
current_hw_device [get_hw_devices xc7z020_1]
refresh_hw_device -update_hw_probes false [lindex [get_hw_devices xc7z020_1] 0]
INFO: [Labtools 27-1434] Device xc7z020 (JTAG device index = 1) is programmed with a design that has no supported debug core(s) in it.
set_property PROBES.FILE {} [get_hw_devices xc7z020_1]
set_property FULL_PROBES.FILE {} [get_hw_devices xc7z020_1]
set_property PROGRAM.FILE {C:/Users/games/OneDrive/Skrivebord/FPGA-Audio-Visualizer-main/Audio_Visualizer/Audio_Visualizer.runs/impl_1/Visualizer.bit} [get_hw_devices xc7z020_1]
program_hw_devices [get_hw_devices xc7z020_1]
INFO: [Labtools 27-3164] End of startup status: HIGH
refresh_hw_device [lindex [get_hw_devices xc7z020_1] 0]
INFO: [Labtools 27-1434] Device xc7z020 (JTAG device index = 1) is programmed with a design that has no supported debug core(s) in it.
close_hw
reset_run synth_1
WARNING: [Vivado 12-1017] Problems encountered:
1. Failed to delete one or more files in run directory C:/Users/games/OneDrive/Skrivebord/FPGA-Audio-Visualizer-main/Audio_Visualizer/Audio_Visualizer.runs/synth_1

launch_runs impl_1 -to_step write_bitstream -jobs 8
[Sat May 27 14:26:16 2023] Launched synth_1...
Run output will be captured here: C:/Users/games/OneDrive/Skrivebord/FPGA-Audio-Visualizer-main/Audio_Visualizer/Audio_Visualizer.runs/synth_1/runme.log
[Sat May 27 14:26:16 2023] Launched impl_1...
Run output will be captured here: C:/Users/games/OneDrive/Skrivebord/FPGA-Audio-Visualizer-main/Audio_Visualizer/Audio_Visualizer.runs/impl_1/runme.log
open_hw
connect_hw_server
INFO: [Labtools 27-2285] Connecting to hw_server url TCP:localhost:3121
INFO: [Labtools 27-2222] Launching hw_server...
INFO: [Labtools 27-2221] Launch Output:

****** Xilinx hw_server v2019.1
  **** Build date : May 24 2019 at 15:13:31
    ** Copyright 1986-2019 Xilinx, Inc. All Rights Reserved.


open_hw_target
INFO: [Labtoolstcl 44-466] Opening hw_target localhost:3121/xilinx_tcf/Digilent/210248775017
set_property PROGRAM.FILE {C:/Users/games/OneDrive/Skrivebord/FPGA-Audio-Visualizer-main/Audio_Visualizer/Audio_Visualizer.runs/impl_1/Visualizer.bit} [get_hw_devices xc7z020_1]
current_hw_device [get_hw_devices xc7z020_1]
refresh_hw_device -update_hw_probes false [lindex [get_hw_devices xc7z020_1] 0]
INFO: [Labtools 27-1434] Device xc7z020 (JTAG device index = 1) is programmed with a design that has no supported debug core(s) in it.
set_property PROBES.FILE {} [get_hw_devices xc7z020_1]
set_property FULL_PROBES.FILE {} [get_hw_devices xc7z020_1]
set_property PROGRAM.FILE {C:/Users/games/OneDrive/Skrivebord/FPGA-Audio-Visualizer-main/Audio_Visualizer/Audio_Visualizer.runs/impl_1/Visualizer.bit} [get_hw_devices xc7z020_1]
program_hw_devices [get_hw_devices xc7z020_1]
INFO: [Labtools 27-3164] End of startup status: HIGH
refresh_hw_device [lindex [get_hw_devices xc7z020_1] 0]
INFO: [Labtools 27-1434] Device xc7z020 (JTAG device index = 1) is programmed with a design that has no supported debug core(s) in it.
ERROR: [Labtoolstcl 44-513] HW Target shutdown. Closing target: localhost:3121/xilinx_tcf/Digilent/210248775017
close_hw
reset_run synth_1
WARNING: [Vivado 12-1017] Problems encountered:
1. Failed to delete one or more files in run directory C:/Users/games/OneDrive/Skrivebord/FPGA-Audio-Visualizer-main/Audio_Visualizer/Audio_Visualizer.runs/synth_1

launch_runs impl_1 -to_step write_bitstream -jobs 8
[Sat May 27 14:29:41 2023] Launched synth_1...
Run output will be captured here: C:/Users/games/OneDrive/Skrivebord/FPGA-Audio-Visualizer-main/Audio_Visualizer/Audio_Visualizer.runs/synth_1/runme.log
[Sat May 27 14:29:41 2023] Launched impl_1...
Run output will be captured here: C:/Users/games/OneDrive/Skrivebord/FPGA-Audio-Visualizer-main/Audio_Visualizer/Audio_Visualizer.runs/impl_1/runme.log
open_hw
connect_hw_server
INFO: [Labtools 27-2285] Connecting to hw_server url TCP:localhost:3121
INFO: [Labtools 27-2222] Launching hw_server...
INFO: [Labtools 27-2221] Launch Output:

****** Xilinx hw_server v2019.1
  **** Build date : May 24 2019 at 15:13:31
    ** Copyright 1986-2019 Xilinx, Inc. All Rights Reserved.


open_hw_target
INFO: [Labtoolstcl 44-466] Opening hw_target localhost:3121/xilinx_tcf/Digilent/210248775017
set_property PROGRAM.FILE {C:/Users/games/OneDrive/Skrivebord/FPGA-Audio-Visualizer-main/Audio_Visualizer/Audio_Visualizer.runs/impl_1/Visualizer.bit} [get_hw_devices xc7z020_1]
current_hw_device [get_hw_devices xc7z020_1]
refresh_hw_device -update_hw_probes false [lindex [get_hw_devices xc7z020_1] 0]
INFO: [Labtools 27-1434] Device xc7z020 (JTAG device index = 1) is programmed with a design that has no supported debug core(s) in it.
set_property PROBES.FILE {} [get_hw_devices xc7z020_1]
set_property FULL_PROBES.FILE {} [get_hw_devices xc7z020_1]
set_property PROGRAM.FILE {C:/Users/games/OneDrive/Skrivebord/FPGA-Audio-Visualizer-main/Audio_Visualizer/Audio_Visualizer.runs/impl_1/Visualizer.bit} [get_hw_devices xc7z020_1]
program_hw_devices [get_hw_devices xc7z020_1]
INFO: [Labtools 27-3164] End of startup status: HIGH
refresh_hw_device [lindex [get_hw_devices xc7z020_1] 0]
INFO: [Labtools 27-1434] Device xc7z020 (JTAG device index = 1) is programmed with a design that has no supported debug core(s) in it.
close_hw
reset_run synth_1
WARNING: [Vivado 12-1017] Problems encountered:
1. Failed to delete one or more files in run directory C:/Users/games/OneDrive/Skrivebord/FPGA-Audio-Visualizer-main/Audio_Visualizer/Audio_Visualizer.runs/synth_1

launch_runs impl_1 -to_step write_bitstream -jobs 8
[Sat May 27 14:40:02 2023] Launched synth_1...
Run output will be captured here: C:/Users/games/OneDrive/Skrivebord/FPGA-Audio-Visualizer-main/Audio_Visualizer/Audio_Visualizer.runs/synth_1/runme.log
[Sat May 27 14:40:02 2023] Launched impl_1...
Run output will be captured here: C:/Users/games/OneDrive/Skrivebord/FPGA-Audio-Visualizer-main/Audio_Visualizer/Audio_Visualizer.runs/impl_1/runme.log
open_hw
connect_hw_server
INFO: [Labtools 27-2285] Connecting to hw_server url TCP:localhost:3121
INFO: [Labtools 27-2222] Launching hw_server...
INFO: [Labtools 27-2221] Launch Output:

****** Xilinx hw_server v2019.1
  **** Build date : May 24 2019 at 15:13:31
    ** Copyright 1986-2019 Xilinx, Inc. All Rights Reserved.


open_hw_target
INFO: [Labtoolstcl 44-466] Opening hw_target localhost:3121/xilinx_tcf/Digilent/210248775017
set_property PROGRAM.FILE {C:/Users/games/OneDrive/Skrivebord/FPGA-Audio-Visualizer-main/Audio_Visualizer/Audio_Visualizer.runs/impl_1/Visualizer.bit} [get_hw_devices xc7z020_1]
current_hw_device [get_hw_devices xc7z020_1]
refresh_hw_device -update_hw_probes false [lindex [get_hw_devices xc7z020_1] 0]
INFO: [Labtools 27-1434] Device xc7z020 (JTAG device index = 1) is programmed with a design that has no supported debug core(s) in it.
set_property PROBES.FILE {} [get_hw_devices xc7z020_1]
set_property FULL_PROBES.FILE {} [get_hw_devices xc7z020_1]
set_property PROGRAM.FILE {C:/Users/games/OneDrive/Skrivebord/FPGA-Audio-Visualizer-main/Audio_Visualizer/Audio_Visualizer.runs/impl_1/Visualizer.bit} [get_hw_devices xc7z020_1]
program_hw_devices [get_hw_devices xc7z020_1]
INFO: [Labtools 27-3164] End of startup status: HIGH
refresh_hw_device [lindex [get_hw_devices xc7z020_1] 0]
INFO: [Labtools 27-1434] Device xc7z020 (JTAG device index = 1) is programmed with a design that has no supported debug core(s) in it.
close_hw
reset_run synth_1
WARNING: [Vivado 12-1017] Problems encountered:
1. Failed to delete one or more files in run directory C:/Users/games/OneDrive/Skrivebord/FPGA-Audio-Visualizer-main/Audio_Visualizer/Audio_Visualizer.runs/synth_1

launch_runs impl_1 -to_step write_bitstream -jobs 8
[Sat May 27 14:44:19 2023] Launched synth_1...
Run output will be captured here: C:/Users/games/OneDrive/Skrivebord/FPGA-Audio-Visualizer-main/Audio_Visualizer/Audio_Visualizer.runs/synth_1/runme.log
[Sat May 27 14:44:20 2023] Launched impl_1...
Run output will be captured here: C:/Users/games/OneDrive/Skrivebord/FPGA-Audio-Visualizer-main/Audio_Visualizer/Audio_Visualizer.runs/impl_1/runme.log
open_hw
connect_hw_server
INFO: [Labtools 27-2285] Connecting to hw_server url TCP:localhost:3121
INFO: [Labtools 27-2222] Launching hw_server...
INFO: [Labtools 27-2221] Launch Output:

****** Xilinx hw_server v2019.1
  **** Build date : May 24 2019 at 15:13:31
    ** Copyright 1986-2019 Xilinx, Inc. All Rights Reserved.


open_hw_target
INFO: [Labtoolstcl 44-466] Opening hw_target localhost:3121/xilinx_tcf/Digilent/210248775017
set_property PROGRAM.FILE {C:/Users/games/OneDrive/Skrivebord/FPGA-Audio-Visualizer-main/Audio_Visualizer/Audio_Visualizer.runs/impl_1/Visualizer.bit} [get_hw_devices xc7z020_1]
current_hw_device [get_hw_devices xc7z020_1]
refresh_hw_device -update_hw_probes false [lindex [get_hw_devices xc7z020_1] 0]
INFO: [Labtools 27-1434] Device xc7z020 (JTAG device index = 1) is programmed with a design that has no supported debug core(s) in it.
set_property PROBES.FILE {} [get_hw_devices xc7z020_1]
set_property FULL_PROBES.FILE {} [get_hw_devices xc7z020_1]
set_property PROGRAM.FILE {C:/Users/games/OneDrive/Skrivebord/FPGA-Audio-Visualizer-main/Audio_Visualizer/Audio_Visualizer.runs/impl_1/Visualizer.bit} [get_hw_devices xc7z020_1]
program_hw_devices [get_hw_devices xc7z020_1]
INFO: [Labtools 27-3164] End of startup status: HIGH
refresh_hw_device [lindex [get_hw_devices xc7z020_1] 0]
INFO: [Labtools 27-1434] Device xc7z020 (JTAG device index = 1) is programmed with a design that has no supported debug core(s) in it.
reset_run synth_1
WARNING: [Vivado 12-1017] Problems encountered:
1. Failed to delete one or more files in run directory C:/Users/games/OneDrive/Skrivebord/FPGA-Audio-Visualizer-main/Audio_Visualizer/Audio_Visualizer.runs/synth_1

launch_runs impl_1 -to_step write_bitstream -jobs 8
[Sat May 27 14:47:54 2023] Launched synth_1...
Run output will be captured here: C:/Users/games/OneDrive/Skrivebord/FPGA-Audio-Visualizer-main/Audio_Visualizer/Audio_Visualizer.runs/synth_1/runme.log
[Sat May 27 14:47:54 2023] Launched impl_1...
Run output will be captured here: C:/Users/games/OneDrive/Skrivebord/FPGA-Audio-Visualizer-main/Audio_Visualizer/Audio_Visualizer.runs/impl_1/runme.log
reset_run synth_1
WARNING: [Vivado 12-1017] Problems encountered:
1. Failed to delete one or more files in run directory C:/Users/games/OneDrive/Skrivebord/FPGA-Audio-Visualizer-main/Audio_Visualizer/Audio_Visualizer.runs/synth_1

launch_runs impl_1 -to_step write_bitstream -jobs 8
[Sat May 27 14:48:11 2023] Launched synth_1...
Run output will be captured here: C:/Users/games/OneDrive/Skrivebord/FPGA-Audio-Visualizer-main/Audio_Visualizer/Audio_Visualizer.runs/synth_1/runme.log
[Sat May 27 14:48:11 2023] Launched impl_1...
Run output will be captured here: C:/Users/games/OneDrive/Skrivebord/FPGA-Audio-Visualizer-main/Audio_Visualizer/Audio_Visualizer.runs/impl_1/runme.log
set_property PROBES.FILE {} [get_hw_devices xc7z020_1]
set_property FULL_PROBES.FILE {} [get_hw_devices xc7z020_1]
set_property PROGRAM.FILE {C:/Users/games/OneDrive/Skrivebord/FPGA-Audio-Visualizer-main/Audio_Visualizer/Audio_Visualizer.runs/impl_1/Visualizer.bit} [get_hw_devices xc7z020_1]
program_hw_devices [get_hw_devices xc7z020_1]
INFO: [Labtools 27-3164] End of startup status: HIGH
refresh_hw_device [lindex [get_hw_devices xc7z020_1] 0]
INFO: [Labtools 27-1434] Device xc7z020 (JTAG device index = 1) is programmed with a design that has no supported debug core(s) in it.
reset_run synth_1
WARNING: [Vivado 12-1017] Problems encountered:
1. Failed to delete one or more files in run directory C:/Users/games/OneDrive/Skrivebord/FPGA-Audio-Visualizer-main/Audio_Visualizer/Audio_Visualizer.runs/synth_1

launch_runs impl_1 -to_step write_bitstream -jobs 8
[Sat May 27 14:51:29 2023] Launched synth_1...
Run output will be captured here: C:/Users/games/OneDrive/Skrivebord/FPGA-Audio-Visualizer-main/Audio_Visualizer/Audio_Visualizer.runs/synth_1/runme.log
[Sat May 27 14:51:29 2023] Launched impl_1...
Run output will be captured here: C:/Users/games/OneDrive/Skrivebord/FPGA-Audio-Visualizer-main/Audio_Visualizer/Audio_Visualizer.runs/impl_1/runme.log
ERROR: [Labtoolstcl 44-513] HW Target shutdown. Closing target: localhost:3121/xilinx_tcf/Digilent/210248775017
INFO: [Labtoolstcl 44-466] Opening hw_target localhost:3121/xilinx_tcf/Digilent/210248775017
WARNING: [Labtoolstcl 44-129] No matching hw_ila_data was found.
INFO: [Labtools 27-1434] Device xc7z020 (JTAG device index = 1) is programmed with a design that has no supported debug core(s) in it.
WARNING: [Labtoolstcl 44-129] No matching hw_ila_data was found.
set_property PROBES.FILE {} [get_hw_devices xc7z020_1]
set_property FULL_PROBES.FILE {} [get_hw_devices xc7z020_1]
set_property PROGRAM.FILE {C:/Users/games/OneDrive/Skrivebord/FPGA-Audio-Visualizer-main/Audio_Visualizer/Audio_Visualizer.runs/impl_1/Visualizer.bit} [get_hw_devices xc7z020_1]
program_hw_devices [get_hw_devices xc7z020_1]
INFO: [Labtools 27-3164] End of startup status: HIGH
refresh_hw_device [lindex [get_hw_devices xc7z020_1] 0]
INFO: [Labtools 27-1434] Device xc7z020 (JTAG device index = 1) is programmed with a design that has no supported debug core(s) in it.
reset_run synth_1
WARNING: [Vivado 12-1017] Problems encountered:
1. Failed to delete one or more files in run directory C:/Users/games/OneDrive/Skrivebord/FPGA-Audio-Visualizer-main/Audio_Visualizer/Audio_Visualizer.runs/synth_1

launch_runs impl_1 -to_step write_bitstream -jobs 8
[Sat May 27 14:57:18 2023] Launched synth_1...
Run output will be captured here: C:/Users/games/OneDrive/Skrivebord/FPGA-Audio-Visualizer-main/Audio_Visualizer/Audio_Visualizer.runs/synth_1/runme.log
[Sat May 27 14:57:18 2023] Launched impl_1...
Run output will be captured here: C:/Users/games/OneDrive/Skrivebord/FPGA-Audio-Visualizer-main/Audio_Visualizer/Audio_Visualizer.runs/impl_1/runme.log
set_property PROBES.FILE {} [get_hw_devices xc7z020_1]
set_property FULL_PROBES.FILE {} [get_hw_devices xc7z020_1]
set_property PROGRAM.FILE {C:/Users/games/OneDrive/Skrivebord/FPGA-Audio-Visualizer-main/Audio_Visualizer/Audio_Visualizer.runs/impl_1/Visualizer.bit} [get_hw_devices xc7z020_1]
program_hw_devices [get_hw_devices xc7z020_1]
INFO: [Labtools 27-3164] End of startup status: HIGH
refresh_hw_device [lindex [get_hw_devices xc7z020_1] 0]
INFO: [Labtools 27-1434] Device xc7z020 (JTAG device index = 1) is programmed with a design that has no supported debug core(s) in it.
reset_run synth_1
WARNING: [Vivado 12-1017] Problems encountered:
1. Failed to delete one or more files in run directory C:/Users/games/OneDrive/Skrivebord/FPGA-Audio-Visualizer-main/Audio_Visualizer/Audio_Visualizer.runs/synth_1

launch_runs impl_1 -to_step write_bitstream -jobs 8
[Sat May 27 15:02:41 2023] Launched synth_1...
Run output will be captured here: C:/Users/games/OneDrive/Skrivebord/FPGA-Audio-Visualizer-main/Audio_Visualizer/Audio_Visualizer.runs/synth_1/runme.log
[Sat May 27 15:02:41 2023] Launched impl_1...
Run output will be captured here: C:/Users/games/OneDrive/Skrivebord/FPGA-Audio-Visualizer-main/Audio_Visualizer/Audio_Visualizer.runs/impl_1/runme.log
set_property PROBES.FILE {} [get_hw_devices xc7z020_1]
set_property FULL_PROBES.FILE {} [get_hw_devices xc7z020_1]
set_property PROGRAM.FILE {C:/Users/games/OneDrive/Skrivebord/FPGA-Audio-Visualizer-main/Audio_Visualizer/Audio_Visualizer.runs/impl_1/Visualizer.bit} [get_hw_devices xc7z020_1]
program_hw_devices [get_hw_devices xc7z020_1]
INFO: [Labtools 27-3164] End of startup status: HIGH
refresh_hw_device [lindex [get_hw_devices xc7z020_1] 0]
INFO: [Labtools 27-1434] Device xc7z020 (JTAG device index = 1) is programmed with a design that has no supported debug core(s) in it.
set_property PROBES.FILE {} [get_hw_devices xc7z020_1]
set_property FULL_PROBES.FILE {} [get_hw_devices xc7z020_1]
set_property PROGRAM.FILE {C:/Users/games/OneDrive/Skrivebord/FPGA-Audio-Visualizer-main/Audio_Visualizer/Audio_Visualizer.runs/impl_1/Visualizer.bit} [get_hw_devices xc7z020_1]
program_hw_devices [get_hw_devices xc7z020_1]
INFO: [Labtools 27-3164] End of startup status: HIGH
refresh_hw_device [lindex [get_hw_devices xc7z020_1] 0]
INFO: [Labtools 27-1434] Device xc7z020 (JTAG device index = 1) is programmed with a design that has no supported debug core(s) in it.
set_property PROBES.FILE {} [get_hw_devices xc7z020_1]
set_property FULL_PROBES.FILE {} [get_hw_devices xc7z020_1]
set_property PROGRAM.FILE {C:/Users/games/OneDrive/Skrivebord/FPGA-Audio-Visualizer-main/Audio_Visualizer/Audio_Visualizer.runs/impl_1/Visualizer.bit} [get_hw_devices xc7z020_1]
program_hw_devices [get_hw_devices xc7z020_1]
INFO: [Labtools 27-3164] End of startup status: HIGH
refresh_hw_device [lindex [get_hw_devices xc7z020_1] 0]
INFO: [Labtools 27-1434] Device xc7z020 (JTAG device index = 1) is programmed with a design that has no supported debug core(s) in it.
reset_run synth_1
WARNING: [Vivado 12-1017] Problems encountered:
1. Failed to delete one or more files in run directory C:/Users/games/OneDrive/Skrivebord/FPGA-Audio-Visualizer-main/Audio_Visualizer/Audio_Visualizer.runs/synth_1

launch_runs impl_1 -to_step write_bitstream -jobs 8
[Sat May 27 15:09:37 2023] Launched synth_1...
Run output will be captured here: C:/Users/games/OneDrive/Skrivebord/FPGA-Audio-Visualizer-main/Audio_Visualizer/Audio_Visualizer.runs/synth_1/runme.log
[Sat May 27 15:09:37 2023] Launched impl_1...
Run output will be captured here: C:/Users/games/OneDrive/Skrivebord/FPGA-Audio-Visualizer-main/Audio_Visualizer/Audio_Visualizer.runs/impl_1/runme.log
set_property PROBES.FILE {} [get_hw_devices xc7z020_1]
set_property FULL_PROBES.FILE {} [get_hw_devices xc7z020_1]
set_property PROGRAM.FILE {C:/Users/games/OneDrive/Skrivebord/FPGA-Audio-Visualizer-main/Audio_Visualizer/Audio_Visualizer.runs/impl_1/Visualizer.bit} [get_hw_devices xc7z020_1]
program_hw_devices [get_hw_devices xc7z020_1]
INFO: [Labtools 27-3164] End of startup status: HIGH
refresh_hw_device [lindex [get_hw_devices xc7z020_1] 0]
INFO: [Labtools 27-1434] Device xc7z020 (JTAG device index = 1) is programmed with a design that has no supported debug core(s) in it.
close_hw
reset_run synth_1
WARNING: [Vivado 12-1017] Problems encountered:
1. Failed to delete one or more files in run directory C:/Users/games/OneDrive/Skrivebord/FPGA-Audio-Visualizer-main/Audio_Visualizer/Audio_Visualizer.runs/synth_1

launch_runs impl_1 -to_step write_bitstream -jobs 8
[Sat May 27 15:19:52 2023] Launched synth_1...
Run output will be captured here: C:/Users/games/OneDrive/Skrivebord/FPGA-Audio-Visualizer-main/Audio_Visualizer/Audio_Visualizer.runs/synth_1/runme.log
[Sat May 27 15:19:52 2023] Launched impl_1...
Run output will be captured here: C:/Users/games/OneDrive/Skrivebord/FPGA-Audio-Visualizer-main/Audio_Visualizer/Audio_Visualizer.runs/impl_1/runme.log
open_hw
connect_hw_server
INFO: [Labtools 27-2285] Connecting to hw_server url TCP:localhost:3121
INFO: [Common 17-41] Interrupt caught. Command should exit soon.
INFO: [Labtools 27-2058] connect_hw_server command cancelled.
INFO: [Common 17-344] 'connect_hw_server' was cancelled
connect_hw_server
INFO: [Labtools 27-2285] Connecting to hw_server url TCP:localhost:3121
INFO: [Labtools 27-2222] Launching hw_server...
INFO: [Labtools 27-2221] Launch Output:

****** Xilinx hw_server v2019.1
  **** Build date : May 24 2019 at 15:13:31
    ** Copyright 1986-2019 Xilinx, Inc. All Rights Reserved.


open_hw_target
INFO: [Labtoolstcl 44-466] Opening hw_target localhost:3121/xilinx_tcf/Digilent/210248775017
set_property PROGRAM.FILE {C:/Users/games/OneDrive/Skrivebord/FPGA-Audio-Visualizer-main/Audio_Visualizer/Audio_Visualizer.runs/impl_1/Visualizer.bit} [get_hw_devices xc7z020_1]
current_hw_device [get_hw_devices xc7z020_1]
refresh_hw_device -update_hw_probes false [lindex [get_hw_devices xc7z020_1] 0]
INFO: [Labtools 27-1434] Device xc7z020 (JTAG device index = 1) is programmed with a design that has no supported debug core(s) in it.
set_property PROBES.FILE {} [get_hw_devices xc7z020_1]
set_property FULL_PROBES.FILE {} [get_hw_devices xc7z020_1]
set_property PROGRAM.FILE {C:/Users/games/OneDrive/Skrivebord/FPGA-Audio-Visualizer-main/Audio_Visualizer/Audio_Visualizer.runs/impl_1/Visualizer.bit} [get_hw_devices xc7z020_1]
program_hw_devices [get_hw_devices xc7z020_1]
INFO: [Labtools 27-3164] End of startup status: HIGH
refresh_hw_device [lindex [get_hw_devices xc7z020_1] 0]
INFO: [Labtools 27-1434] Device xc7z020 (JTAG device index = 1) is programmed with a design that has no supported debug core(s) in it.
set_property PROBES.FILE {} [get_hw_devices xc7z020_1]
set_property FULL_PROBES.FILE {} [get_hw_devices xc7z020_1]
set_property PROGRAM.FILE {C:/Users/games/OneDrive/Skrivebord/FPGA-Audio-Visualizer-main/Audio_Visualizer/Audio_Visualizer.runs/impl_1/Visualizer.bit} [get_hw_devices xc7z020_1]
program_hw_devices [get_hw_devices xc7z020_1]
INFO: [Labtools 27-3164] End of startup status: HIGH
refresh_hw_device [lindex [get_hw_devices xc7z020_1] 0]
INFO: [Labtools 27-1434] Device xc7z020 (JTAG device index = 1) is programmed with a design that has no supported debug core(s) in it.
set_property PROBES.FILE {} [get_hw_devices xc7z020_1]
set_property FULL_PROBES.FILE {} [get_hw_devices xc7z020_1]
set_property PROGRAM.FILE {C:/Users/games/OneDrive/Skrivebord/FPGA-Audio-Visualizer-main/Audio_Visualizer/Audio_Visualizer.runs/impl_1/Visualizer.bit} [get_hw_devices xc7z020_1]
program_hw_devices [get_hw_devices xc7z020_1]
INFO: [Labtools 27-3164] End of startup status: HIGH
refresh_hw_device [lindex [get_hw_devices xc7z020_1] 0]
INFO: [Labtools 27-1434] Device xc7z020 (JTAG device index = 1) is programmed with a design that has no supported debug core(s) in it.
ERROR: [Labtoolstcl 44-513] HW Target shutdown. Closing target: localhost:3121/xilinx_tcf/Digilent/210248775017
exit
INFO: [Common 17-206] Exiting Vivado at Sat May 27 16:05:03 2023...
