Vivado Simulator 2019.1
Copyright 1986-1999, 2001-2019 Xilinx, Inc. All Rights Reserved.
Running: D:/Xilinx/Vivado/2019.1/bin/unwrapped/win64.o/xelab.exe -wto 0a99be6d4e8f4f0f8829c90c3f150508 --incr --debug typical --relax --mt 2 -L xil_defaultlib -L secureip --snapshot VGA_tb_behav xil_defaultlib.VGA_tb -log elaborate.log 
Using 2 slave threads.
Starting static elaboration
Completed static elaboration
Starting simulation data flow analysis
Completed simulation data flow analysis
Time Resolution for simulation is 1ps
Compiling package std.standard
Compiling package std.textio
Compiling package ieee.std_logic_1164
Compiling package ieee.numeric_std
Compiling package ieee.std_logic_textio
Compiling package ieee.std_logic_arith
Compiling package ieee.std_logic_unsigned
Compiling architecture behavioral of entity xil_defaultlib.clk_div [clk_div_default]
Compiling architecture behavioral of entity xil_defaultlib.VGA [vga_default]
Compiling architecture behavioral of entity xil_defaultlib.vga_tb
Built simulation snapshot VGA_tb_behav
