INFO: [VRFC 10-2263] Analyzing Verilog file "C:/Users/G/CODE/proj_Vivado/FPGA-Audio-Visualizer/Audio_Visualizer/Audio_Visualizer.sim/sim_1/synth/timing/xsim/Visualizer_TB_time_synth.v" into library xil_defaultlib
INFO: [VRFC 10-311] analyzing module IOBUF_UNIQ_BASE_
INFO: [VRFC 10-311] analyzing module RAM32M_UNIQ_BASE_
INFO: [VRFC 10-311] analyzing module RAM32M_HD2
INFO: [VRFC 10-311] analyzing module ADAU1761_interface
INFO: [VRFC 10-311] analyzing module DFT
INFO: [VRFC 10-311] analyzing module DFT_top
INFO: [VRFC 10-311] analyzing module RAM_mag
INFO: [VRFC 10-311] analyzing module VGA
INFO: [VRFC 10-311] analyzing module Video_top
INFO: [VRFC 10-311] analyzing module Visualizer
INFO: [VRFC 10-311] analyzing module Wave_32_as4
INFO: [VRFC 10-311] analyzing module adau1761_configuraiton_data
INFO: [VRFC 10-311] analyzing module adau1761_izedboard
INFO: [VRFC 10-311] analyzing module audio_top
INFO: [VRFC 10-311] analyzing module clk_div
INFO: [VRFC 10-311] analyzing module clk_div_0
INFO: [VRFC 10-311] analyzing module clocking
INFO: [VRFC 10-311] analyzing module counter
INFO: [VRFC 10-311] analyzing module i2c
INFO: [VRFC 10-311] analyzing module i2s_data_interface
INFO: [VRFC 10-311] analyzing module i3c2
INFO: [VRFC 10-311] analyzing module magnitude_calculator
INFO: [VRFC 10-311] analyzing module pattern_generator
INFO: [VRFC 10-311] analyzing module DFT_dft_v4_1_1
INFO: [VRFC 10-311] analyzing module DFT_bf_mux
INFO: [VRFC 10-311] analyzing module DFT_bfp_scaling
INFO: [VRFC 10-311] analyzing module DFT_busmux
INFO: [VRFC 10-311] analyzing module DFT_butterfly
INFO: [VRFC 10-311] analyzing module DFT_cmadd
INFO: [VRFC 10-311] analyzing module DFT_cmult_ext
INFO: [VRFC 10-311] analyzing module DFT_coefficient_memory
INFO: [VRFC 10-311] analyzing module DFT_coefmem_tables
INFO: [VRFC 10-311] analyzing module DFT_control
INFO: [VRFC 10-311] analyzing module DFT_counter_M
INFO: [VRFC 10-311] analyzing module DFT_counter_M_8
INFO: [VRFC 10-311] analyzing module DFT_counter_M__parameterized1
INFO: [VRFC 10-311] analyzing module DFT_counter_M__parameterized12
INFO: [VRFC 10-311] analyzing module DFT_counter_M__parameterized14
INFO: [VRFC 10-311] analyzing module DFT_counter_M__parameterized1_2
INFO: [VRFC 10-311] analyzing module DFT_counter_M__parameterized3
INFO: [VRFC 10-311] analyzing module DFT_counter_M__parameterized5
INFO: [VRFC 10-311] analyzing module DFT_counter_M__parameterized7
INFO: [VRFC 10-311] analyzing module DFT_counter_M__parameterized7_5
INFO: [VRFC 10-311] analyzing module DFT_counter_M__parameterized7_6
INFO: [VRFC 10-311] analyzing module DFT_counter_M__parameterized9
INFO: [VRFC 10-311] analyzing module DFT_counter_M__parameterized9_3
INFO: [VRFC 10-311] analyzing module DFT_counter_R
INFO: [VRFC 10-311] analyzing module DFT_counter_R_12
INFO: [VRFC 10-311] analyzing module DFT_counter_R_13
INFO: [VRFC 10-311] analyzing module DFT_counter_R_14
INFO: [VRFC 10-311] analyzing module DFT_counter_R_15
INFO: [VRFC 10-311] analyzing module DFT_counter_R_16
INFO: [VRFC 10-311] analyzing module DFT_counter_R_17
INFO: [VRFC 10-311] analyzing module DFT_counter_R_18
INFO: [VRFC 10-311] analyzing module DFT_counter_R_19
INFO: [VRFC 10-311] analyzing module DFT_counter_R_20
INFO: [VRFC 10-311] analyzing module DFT_counter_R__parameterized2
INFO: [VRFC 10-311] analyzing module DFT_counter_R__parameterized2_10
INFO: [VRFC 10-311] analyzing module DFT_counter_R__parameterized2_11
INFO: [VRFC 10-311] analyzing module DFT_counter_R__parameterized2_9
INFO: [VRFC 10-311] analyzing module DFT_cr3mult
INFO: [VRFC 10-311] analyzing module DFT_crmult
INFO: [VRFC 10-311] analyzing module DFT_data_memory
INFO: [VRFC 10-311] analyzing module DFT_delay
INFO: [VRFC 10-311] analyzing module DFT_delay_171
INFO: [VRFC 10-311] analyzing module DFT_delay_230
INFO: [VRFC 10-311] analyzing module DFT_delay_231
INFO: [VRFC 10-311] analyzing module DFT_delay_74
INFO: [VRFC 10-311] analyzing module DFT_delay__parameterized0
INFO: [VRFC 10-311] analyzing module DFT_delay__parameterized0_232
INFO: [VRFC 10-311] analyzing module DFT_delay__parameterized0_233
INFO: [VRFC 10-311] analyzing module DFT_delay__parameterized1
INFO: [VRFC 10-311] analyzing module DFT_delay__parameterized10
INFO: [VRFC 10-311] analyzing module DFT_delay__parameterized10_329
INFO: [VRFC 10-311] analyzing module DFT_delay__parameterized10_330
INFO: [VRFC 10-311] analyzing module DFT_delay__parameterized10_331
INFO: [VRFC 10-311] analyzing module DFT_delay__parameterized10_332
INFO: [VRFC 10-311] analyzing module DFT_delay__parameterized10_333
INFO: [VRFC 10-311] analyzing module DFT_delay__parameterized10_334
INFO: [VRFC 10-311] analyzing module DFT_delay__parameterized14
INFO: [VRFC 10-311] analyzing module DFT_delay__parameterized14_108
INFO: [VRFC 10-311] analyzing module DFT_delay__parameterized14_109
INFO: [VRFC 10-311] analyzing module DFT_delay__parameterized14_120
INFO: [VRFC 10-311] analyzing module DFT_delay__parameterized14_121
INFO: [VRFC 10-311] analyzing module DFT_delay__parameterized14_132
INFO: [VRFC 10-311] analyzing module DFT_delay__parameterized14_133
INFO: [VRFC 10-311] analyzing module DFT_delay__parameterized14_144
INFO: [VRFC 10-311] analyzing module DFT_delay__parameterized14_145
INFO: [VRFC 10-311] analyzing module DFT_delay__parameterized14_156
INFO: [VRFC 10-311] analyzing module DFT_delay__parameterized14_157
INFO: [VRFC 10-311] analyzing module DFT_delay__parameterized14_158
INFO: [VRFC 10-311] analyzing module DFT_delay__parameterized14_177
INFO: [VRFC 10-311] analyzing module DFT_delay__parameterized14_39
INFO: [VRFC 10-311] analyzing module DFT_delay__parameterized14_41
INFO: [VRFC 10-311] analyzing module DFT_delay__parameterized14_53
INFO: [VRFC 10-311] analyzing module DFT_delay__parameterized14_55
INFO: [VRFC 10-311] analyzing module DFT_delay__parameterized14_76
INFO: [VRFC 10-311] analyzing module DFT_delay__parameterized14_78
INFO: [VRFC 10-311] analyzing module DFT_delay__parameterized14_91
INFO: [VRFC 10-311] analyzing module DFT_delay__parameterized14_98
INFO: [VRFC 10-311] analyzing module DFT_delay__parameterized14_99
INFO: [VRFC 10-311] analyzing module DFT_delay__parameterized15
INFO: [VRFC 10-311] analyzing module DFT_delay__parameterized15_42
INFO: [VRFC 10-311] analyzing module DFT_delay__parameterized15_92
INFO: [VRFC 10-311] analyzing module DFT_delay__parameterized15_95
INFO: [VRFC 10-311] analyzing module DFT_delay__parameterized16
INFO: [VRFC 10-311] analyzing module DFT_delay__parameterized16_174
INFO: [VRFC 10-311] analyzing module DFT_delay__parameterized16_176
INFO: [VRFC 10-311] analyzing module DFT_delay__parameterized16_43
INFO: [VRFC 10-311] analyzing module DFT_delay__parameterized16_54
INFO: [VRFC 10-311] analyzing module DFT_delay__parameterized16_56
INFO: [VRFC 10-311] analyzing module DFT_delay__parameterized16_77
INFO: [VRFC 10-311] analyzing module DFT_delay__parameterized16_80
INFO: [VRFC 10-311] analyzing module DFT_delay__parameterized16_93
INFO: [VRFC 10-311] analyzing module DFT_delay__parameterized16_96
INFO: [VRFC 10-311] analyzing module DFT_delay__parameterized19
INFO: [VRFC 10-311] analyzing module DFT_delay__parameterized19_38
INFO: [VRFC 10-311] analyzing module DFT_delay__parameterized19_51
INFO: [VRFC 10-311] analyzing module DFT_delay__parameterized19_52
INFO: [VRFC 10-311] analyzing module DFT_delay__parameterized19_68
INFO: [VRFC 10-311] analyzing module DFT_delay__parameterized19_69
INFO: [VRFC 10-311] analyzing module DFT_delay__parameterized19_72
INFO: [VRFC 10-311] analyzing module DFT_delay__parameterized19_73
INFO: [VRFC 10-311] analyzing module DFT_delay__parameterized19_88
INFO: [VRFC 10-311] analyzing module DFT_delay__parameterized19_89
INFO: [VRFC 10-311] analyzing module DFT_delay__parameterized20
INFO: [VRFC 10-311] analyzing module DFT_delay__parameterized20_75
INFO: [VRFC 10-311] analyzing module DFT_delay__parameterized21
INFO: [VRFC 10-311] analyzing module DFT_delay__parameterized21_79
INFO: [VRFC 10-311] analyzing module DFT_delay__parameterized23
INFO: [VRFC 10-311] analyzing module DFT_delay__parameterized23_189
INFO: [VRFC 10-311] analyzing module DFT_delay__parameterized23_190
INFO: [VRFC 10-311] analyzing module DFT_delay__parameterized23_193
INFO: [VRFC 10-311] analyzing module DFT_delay__parameterized23_194
INFO: [VRFC 10-311] analyzing module DFT_delay__parameterized23_204
INFO: [VRFC 10-311] analyzing module DFT_delay__parameterized23_205
INFO: [VRFC 10-311] analyzing module DFT_delay__parameterized23_226
INFO: [VRFC 10-311] analyzing module DFT_delay__parameterized23_227
INFO: [VRFC 10-311] analyzing module DFT_delay__parameterized23_241
INFO: [VRFC 10-311] analyzing module DFT_delay__parameterized23_242
INFO: [VRFC 10-311] analyzing module DFT_delay__parameterized23_245
INFO: [VRFC 10-311] analyzing module DFT_delay__parameterized23_246
INFO: [VRFC 10-311] analyzing module DFT_delay__parameterized23_249
INFO: [VRFC 10-311] analyzing module DFT_delay__parameterized23_250
INFO: [VRFC 10-311] analyzing module DFT_delay__parameterized23_253
INFO: [VRFC 10-311] analyzing module DFT_delay__parameterized23_254
INFO: [VRFC 10-311] analyzing module DFT_delay__parameterized23_257
INFO: [VRFC 10-311] analyzing module DFT_delay__parameterized23_258
INFO: [VRFC 10-311] analyzing module DFT_delay__parameterized23_261
INFO: [VRFC 10-311] analyzing module DFT_delay__parameterized23_262
INFO: [VRFC 10-311] analyzing module DFT_delay__parameterized23_48
INFO: [VRFC 10-311] analyzing module DFT_delay__parameterized24
INFO: [VRFC 10-311] analyzing module DFT_delay__parameterized24_32
INFO: [VRFC 10-311] analyzing module DFT_delay__parameterized25
INFO: [VRFC 10-311] analyzing module DFT_delay__parameterized25_267
INFO: [VRFC 10-311] analyzing module DFT_delay__parameterized25_270
INFO: [VRFC 10-311] analyzing module DFT_delay__parameterized25_271
INFO: [VRFC 10-311] analyzing module DFT_delay__parameterized25_274
INFO: [VRFC 10-311] analyzing module DFT_delay__parameterized25_275
INFO: [VRFC 10-311] analyzing module DFT_delay__parameterized25_278
INFO: [VRFC 10-311] analyzing module DFT_delay__parameterized25_279
INFO: [VRFC 10-311] analyzing module DFT_delay__parameterized26
INFO: [VRFC 10-311] analyzing module DFT_delay__parameterized26_215
INFO: [VRFC 10-311] analyzing module DFT_delay__parameterized26_218
INFO: [VRFC 10-311] analyzing module DFT_delay__parameterized26_219
INFO: [VRFC 10-311] analyzing module DFT_delay__parameterized26_222
INFO: [VRFC 10-311] analyzing module DFT_delay__parameterized26_223
INFO: [VRFC 10-311] analyzing module DFT_delay__parameterized27
INFO: [VRFC 10-311] analyzing module DFT_delay__parameterized28
INFO: [VRFC 10-311] analyzing module DFT_delay__parameterized28_211
INFO: [VRFC 10-311] analyzing module DFT_delay__parameterized29
INFO: [VRFC 10-311] analyzing module DFT_delay__parameterized29_209
INFO: [VRFC 10-311] analyzing module DFT_delay__parameterized3
INFO: [VRFC 10-311] analyzing module DFT_delay__parameterized30
INFO: [VRFC 10-311] analyzing module DFT_delay__parameterized30_207
INFO: [VRFC 10-311] analyzing module DFT_delay__parameterized31
INFO: [VRFC 10-311] analyzing module DFT_delay__parameterized31_229
INFO: [VRFC 10-311] analyzing module DFT_delay__parameterized32
INFO: [VRFC 10-311] analyzing module DFT_delay__parameterized32_197
INFO: [VRFC 10-311] analyzing module DFT_delay__parameterized32_200
INFO: [VRFC 10-311] analyzing module DFT_delay__parameterized32_201
INFO: [VRFC 10-311] analyzing module DFT_delay__parameterized33
INFO: [VRFC 10-311] analyzing module DFT_delay__parameterized33_182
INFO: [VRFC 10-311] analyzing module DFT_delay__parameterized33_185
INFO: [VRFC 10-311] analyzing module DFT_delay__parameterized33_186
INFO: [VRFC 10-311] analyzing module DFT_delay__parameterized34
INFO: [VRFC 10-311] analyzing module DFT_delay__parameterized34_105
INFO: [VRFC 10-311] analyzing module DFT_delay__parameterized34_116
INFO: [VRFC 10-311] analyzing module DFT_delay__parameterized34_117
INFO: [VRFC 10-311] analyzing module DFT_delay__parameterized34_128
INFO: [VRFC 10-311] analyzing module DFT_delay__parameterized34_129
INFO: [VRFC 10-311] analyzing module DFT_delay__parameterized34_140
INFO: [VRFC 10-311] analyzing module DFT_delay__parameterized34_141
INFO: [VRFC 10-311] analyzing module DFT_delay__parameterized34_152
INFO: [VRFC 10-311] analyzing module DFT_delay__parameterized34_153
INFO: [VRFC 10-311] analyzing module DFT_delay__parameterized34_165
INFO: [VRFC 10-311] analyzing module DFT_delay__parameterized34_166
INFO: [VRFC 10-311] analyzing module DFT_delay__parameterized36
INFO: [VRFC 10-311] analyzing module DFT_delay__parameterized37
INFO: [VRFC 10-311] analyzing module DFT_delay__parameterized37_324
INFO: [VRFC 10-311] analyzing module DFT_delay__parameterized37_325
INFO: [VRFC 10-311] analyzing module DFT_delay__parameterized37_326
INFO: [VRFC 10-311] analyzing module DFT_delay__parameterized37_327
INFO: [VRFC 10-311] analyzing module DFT_delay__parameterized37_328
INFO: [VRFC 10-311] analyzing module DFT_delay__parameterized38
INFO: [VRFC 10-311] analyzing module DFT_delay__parameterized38_312
INFO: [VRFC 10-311] analyzing module DFT_delay__parameterized4
INFO: [VRFC 10-311] analyzing module DFT_delay__parameterized5
INFO: [VRFC 10-311] analyzing module DFT_delay__parameterized6
INFO: [VRFC 10-311] analyzing module DFT_delay__parameterized6_280
INFO: [VRFC 10-311] analyzing module DFT_delay__parameterized6_281
INFO: [VRFC 10-311] analyzing module DFT_delay__parameterized6_282
INFO: [VRFC 10-311] analyzing module DFT_delay__parameterized8
INFO: [VRFC 10-311] analyzing module DFT_delay__parameterized8_102
INFO: [VRFC 10-311] analyzing module DFT_delay__parameterized8_103
INFO: [VRFC 10-311] analyzing module DFT_delay__parameterized8_112
INFO: [VRFC 10-311] analyzing module DFT_delay__parameterized8_113
INFO: [VRFC 10-311] analyzing module DFT_delay__parameterized8_124
INFO: [VRFC 10-311] analyzing module DFT_delay__parameterized8_125
INFO: [VRFC 10-311] analyzing module DFT_delay__parameterized8_136
INFO: [VRFC 10-311] analyzing module DFT_delay__parameterized8_137
INFO: [VRFC 10-311] analyzing module DFT_delay__parameterized8_148
INFO: [VRFC 10-311] analyzing module DFT_delay__parameterized8_149
INFO: [VRFC 10-311] analyzing module DFT_delay__parameterized8_161
INFO: [VRFC 10-311] analyzing module DFT_delay__parameterized8_162
INFO: [VRFC 10-311] analyzing module DFT_delay__parameterized8_169
INFO: [VRFC 10-311] analyzing module DFT_delay__parameterized8_170
INFO: [VRFC 10-311] analyzing module DFT_delay__parameterized8_290
INFO: [VRFC 10-311] analyzing module DFT_delay__parameterized8_291
INFO: [VRFC 10-311] analyzing module DFT_delay__parameterized8_294
INFO: [VRFC 10-311] analyzing module DFT_delay__parameterized8_295
INFO: [VRFC 10-311] analyzing module DFT_delay__parameterized8_298
INFO: [VRFC 10-311] analyzing module DFT_delay__parameterized8_299
INFO: [VRFC 10-311] analyzing module DFT_delay__parameterized8_302
INFO: [VRFC 10-311] analyzing module DFT_delay__parameterized8_303
INFO: [VRFC 10-311] analyzing module DFT_delay__parameterized8_306
INFO: [VRFC 10-311] analyzing module DFT_delay__parameterized8_307
INFO: [VRFC 10-311] analyzing module DFT_delay__parameterized8_310
INFO: [VRFC 10-311] analyzing module DFT_delay__parameterized8_311
INFO: [VRFC 10-311] analyzing module DFT_delay__parameterized8_34
INFO: [VRFC 10-311] analyzing module DFT_delay__parameterized9
INFO: [VRFC 10-311] analyzing module DFT_delay_control
INFO: [VRFC 10-311] analyzing module DFT_delay_control__parameterized0
INFO: [VRFC 10-311] analyzing module DFT_delay_control__parameterized0_21
INFO: [VRFC 10-311] analyzing module DFT_delay_control__parameterized1
INFO: [VRFC 10-311] analyzing module DFT_delay_control__parameterized2
INFO: [VRFC 10-311] analyzing module DFT_delay_int_data__parameterized0
INFO: [VRFC 10-311] analyzing module DFT_delay_int_data__parameterized0_283
INFO: [VRFC 10-311] analyzing module DFT_delay_int_data__parameterized0_284
INFO: [VRFC 10-311] analyzing module DFT_delay_int_data__parameterized0_285
INFO: [VRFC 10-311] analyzing module DFT_delay_int_data__parameterized0_286
INFO: [VRFC 10-311] analyzing module DFT_delay_int_data__parameterized0_287
INFO: [VRFC 10-311] analyzing module DFT_delay_int_data__parameterized1
INFO: [VRFC 10-311] analyzing module DFT_delay_int_data__parameterized10
INFO: [VRFC 10-311] analyzing module DFT_delay_int_data__parameterized11
INFO: [VRFC 10-311] analyzing module DFT_delay_int_data__parameterized11_195
INFO: [VRFC 10-311] analyzing module DFT_delay_int_data__parameterized12
INFO: [VRFC 10-311] analyzing module DFT_delay_int_data__parameterized12_180
INFO: [VRFC 10-311] analyzing module DFT_delay_int_data__parameterized13
INFO: [VRFC 10-311] analyzing module DFT_delay_int_data__parameterized13_234
INFO: [VRFC 10-311] analyzing module DFT_delay_int_data__parameterized13_235
INFO: [VRFC 10-311] analyzing module DFT_delay_int_data__parameterized13_236
INFO: [VRFC 10-311] analyzing module DFT_delay_int_data__parameterized13_237
INFO: [VRFC 10-311] analyzing module DFT_delay_int_data__parameterized13_238
INFO: [VRFC 10-311] analyzing module DFT_delay_int_data__parameterized14
INFO: [VRFC 10-311] analyzing module DFT_delay_int_data__parameterized14_106
INFO: [VRFC 10-311] analyzing module DFT_delay_int_data__parameterized14_118
INFO: [VRFC 10-311] analyzing module DFT_delay_int_data__parameterized14_130
INFO: [VRFC 10-311] analyzing module DFT_delay_int_data__parameterized14_142
INFO: [VRFC 10-311] analyzing module DFT_delay_int_data__parameterized14_154
INFO: [VRFC 10-311] analyzing module DFT_delay_int_data__parameterized1_107
INFO: [VRFC 10-311] analyzing module DFT_delay_int_data__parameterized1_119
INFO: [VRFC 10-311] analyzing module DFT_delay_int_data__parameterized1_131
INFO: [VRFC 10-311] analyzing module DFT_delay_int_data__parameterized1_143
INFO: [VRFC 10-311] analyzing module DFT_delay_int_data__parameterized1_155
INFO: [VRFC 10-311] analyzing module DFT_delay_int_data__parameterized1_30
INFO: [VRFC 10-311] analyzing module DFT_delay_int_data__parameterized1_97
INFO: [VRFC 10-311] analyzing module DFT_delay_int_data__parameterized2
INFO: [VRFC 10-311] analyzing module DFT_delay_int_data__parameterized2_46
INFO: [VRFC 10-311] analyzing module DFT_delay_int_data__parameterized2_64
INFO: [VRFC 10-311] analyzing module DFT_delay_int_data__parameterized2_65
INFO: [VRFC 10-311] analyzing module DFT_delay_int_data__parameterized2_85
INFO: [VRFC 10-311] analyzing module DFT_delay_int_data__parameterized3
INFO: [VRFC 10-311] analyzing module DFT_delay_int_data__parameterized3_173
INFO: [VRFC 10-311] analyzing module DFT_delay_int_data__parameterized3_175
INFO: [VRFC 10-311] analyzing module DFT_delay_int_data__parameterized3_178
INFO: [VRFC 10-311] analyzing module DFT_delay_int_data__parameterized3_179
INFO: [VRFC 10-311] analyzing module DFT_delay_int_data__parameterized4
INFO: [VRFC 10-311] analyzing module DFT_delay_int_data__parameterized5
INFO: [VRFC 10-311] analyzing module DFT_delay_int_data__parameterized5_263
INFO: [VRFC 10-311] analyzing module DFT_delay_int_data__parameterized5_264
INFO: [VRFC 10-311] analyzing module DFT_delay_int_data__parameterized5_265
INFO: [VRFC 10-311] analyzing module DFT_delay_int_data__parameterized6
INFO: [VRFC 10-311] analyzing module DFT_delay_int_data__parameterized6_212
INFO: [VRFC 10-311] analyzing module DFT_delay_int_data__parameterized6_213
INFO: [VRFC 10-311] analyzing module DFT_delay_int_data__parameterized7
INFO: [VRFC 10-311] analyzing module DFT_delay_int_data__parameterized8
INFO: [VRFC 10-311] analyzing module DFT_delay_int_data__parameterized9
INFO: [VRFC 10-311] analyzing module DFT_delay_int_data_vector__parameterized0
INFO: [VRFC 10-311] analyzing module DFT_delay_int_data_vector__parameterized1
INFO: [VRFC 10-311] analyzing module DFT_delay_int_data_vector__parameterized3
INFO: [VRFC 10-311] analyzing module DFT_delay_int_data_vector__parameterized4
INFO: [VRFC 10-311] analyzing module DFT_delay_int_data_vector__parameterized5
INFO: [VRFC 10-311] analyzing module DFT_delay_s
INFO: [VRFC 10-311] analyzing module DFT_delay_s_29
INFO: [VRFC 10-311] analyzing module DFT_delay_s_63
INFO: [VRFC 10-311] analyzing module DFT_delay_s__parameterized0
INFO: [VRFC 10-311] analyzing module DFT_delay_s__parameterized0_22
INFO: [VRFC 10-311] analyzing module DFT_delay_s__parameterized0_23
INFO: [VRFC 10-311] analyzing module DFT_delay_s__parameterized1
INFO: [VRFC 10-311] analyzing module DFT_delay_s__parameterized11
INFO: [VRFC 10-311] analyzing module DFT_delay_s__parameterized11_37
INFO: [VRFC 10-311] analyzing module DFT_delay_s__parameterized11_49
INFO: [VRFC 10-311] analyzing module DFT_delay_s__parameterized11_50
INFO: [VRFC 10-311] analyzing module DFT_delay_s__parameterized11_66
INFO: [VRFC 10-311] analyzing module DFT_delay_s__parameterized11_67
INFO: [VRFC 10-311] analyzing module DFT_delay_s__parameterized11_70
INFO: [VRFC 10-311] analyzing module DFT_delay_s__parameterized11_71
INFO: [VRFC 10-311] analyzing module DFT_delay_s__parameterized11_86
INFO: [VRFC 10-311] analyzing module DFT_delay_s__parameterized11_87
INFO: [VRFC 10-311] analyzing module DFT_delay_s__parameterized12
INFO: [VRFC 10-311] analyzing module DFT_delay_s__parameterized12_62
INFO: [VRFC 10-311] analyzing module DFT_delay_s__parameterized13
INFO: [VRFC 10-311] analyzing module DFT_delay_s__parameterized13_60
INFO: [VRFC 10-311] analyzing module DFT_delay_s__parameterized15
INFO: [VRFC 10-311] analyzing module DFT_delay_s__parameterized15_187
INFO: [VRFC 10-311] analyzing module DFT_delay_s__parameterized15_188
INFO: [VRFC 10-311] analyzing module DFT_delay_s__parameterized15_191
INFO: [VRFC 10-311] analyzing module DFT_delay_s__parameterized15_192
INFO: [VRFC 10-311] analyzing module DFT_delay_s__parameterized15_202
INFO: [VRFC 10-311] analyzing module DFT_delay_s__parameterized15_203
INFO: [VRFC 10-311] analyzing module DFT_delay_s__parameterized15_224
INFO: [VRFC 10-311] analyzing module DFT_delay_s__parameterized15_225
INFO: [VRFC 10-311] analyzing module DFT_delay_s__parameterized15_239
INFO: [VRFC 10-311] analyzing module DFT_delay_s__parameterized15_240
INFO: [VRFC 10-311] analyzing module DFT_delay_s__parameterized15_243
INFO: [VRFC 10-311] analyzing module DFT_delay_s__parameterized15_244
INFO: [VRFC 10-311] analyzing module DFT_delay_s__parameterized15_247
INFO: [VRFC 10-311] analyzing module DFT_delay_s__parameterized15_248
INFO: [VRFC 10-311] analyzing module DFT_delay_s__parameterized15_251
INFO: [VRFC 10-311] analyzing module DFT_delay_s__parameterized15_252
INFO: [VRFC 10-311] analyzing module DFT_delay_s__parameterized15_255
INFO: [VRFC 10-311] analyzing module DFT_delay_s__parameterized15_256
INFO: [VRFC 10-311] analyzing module DFT_delay_s__parameterized15_259
INFO: [VRFC 10-311] analyzing module DFT_delay_s__parameterized15_260
INFO: [VRFC 10-311] analyzing module DFT_delay_s__parameterized15_47
INFO: [VRFC 10-311] analyzing module DFT_delay_s__parameterized16
INFO: [VRFC 10-311] analyzing module DFT_delay_s__parameterized16_31
INFO: [VRFC 10-311] analyzing module DFT_delay_s__parameterized17
INFO: [VRFC 10-311] analyzing module DFT_delay_s__parameterized17_266
INFO: [VRFC 10-311] analyzing module DFT_delay_s__parameterized17_268
INFO: [VRFC 10-311] analyzing module DFT_delay_s__parameterized17_269
INFO: [VRFC 10-311] analyzing module DFT_delay_s__parameterized17_272
INFO: [VRFC 10-311] analyzing module DFT_delay_s__parameterized17_273
INFO: [VRFC 10-311] analyzing module DFT_delay_s__parameterized17_276
INFO: [VRFC 10-311] analyzing module DFT_delay_s__parameterized17_277
INFO: [VRFC 10-311] analyzing module DFT_delay_s__parameterized18
INFO: [VRFC 10-311] analyzing module DFT_delay_s__parameterized18_214
INFO: [VRFC 10-311] analyzing module DFT_delay_s__parameterized18_216
INFO: [VRFC 10-311] analyzing module DFT_delay_s__parameterized18_217
INFO: [VRFC 10-311] analyzing module DFT_delay_s__parameterized18_220
INFO: [VRFC 10-311] analyzing module DFT_delay_s__parameterized18_221
INFO: [VRFC 10-311] analyzing module DFT_delay_s__parameterized19
INFO: [VRFC 10-311] analyzing module DFT_delay_s__parameterized19_210
INFO: [VRFC 10-311] analyzing module DFT_delay_s__parameterized20
INFO: [VRFC 10-311] analyzing module DFT_delay_s__parameterized20_208
INFO: [VRFC 10-311] analyzing module DFT_delay_s__parameterized21
INFO: [VRFC 10-311] analyzing module DFT_delay_s__parameterized21_206
INFO: [VRFC 10-311] analyzing module DFT_delay_s__parameterized22
INFO: [VRFC 10-311] analyzing module DFT_delay_s__parameterized22_228
INFO: [VRFC 10-311] analyzing module DFT_delay_s__parameterized23
INFO: [VRFC 10-311] analyzing module DFT_delay_s__parameterized23_196
INFO: [VRFC 10-311] analyzing module DFT_delay_s__parameterized23_198
INFO: [VRFC 10-311] analyzing module DFT_delay_s__parameterized23_199
INFO: [VRFC 10-311] analyzing module DFT_delay_s__parameterized24
INFO: [VRFC 10-311] analyzing module DFT_delay_s__parameterized24_181
INFO: [VRFC 10-311] analyzing module DFT_delay_s__parameterized24_183
INFO: [VRFC 10-311] analyzing module DFT_delay_s__parameterized24_184
INFO: [VRFC 10-311] analyzing module DFT_delay_s__parameterized25
INFO: [VRFC 10-311] analyzing module DFT_delay_s__parameterized25_104
INFO: [VRFC 10-311] analyzing module DFT_delay_s__parameterized25_114
INFO: [VRFC 10-311] analyzing module DFT_delay_s__parameterized25_115
INFO: [VRFC 10-311] analyzing module DFT_delay_s__parameterized25_126
INFO: [VRFC 10-311] analyzing module DFT_delay_s__parameterized25_127
INFO: [VRFC 10-311] analyzing module DFT_delay_s__parameterized25_138
INFO: [VRFC 10-311] analyzing module DFT_delay_s__parameterized25_139
INFO: [VRFC 10-311] analyzing module DFT_delay_s__parameterized25_150
INFO: [VRFC 10-311] analyzing module DFT_delay_s__parameterized25_151
INFO: [VRFC 10-311] analyzing module DFT_delay_s__parameterized25_163
INFO: [VRFC 10-311] analyzing module DFT_delay_s__parameterized25_164
INFO: [VRFC 10-311] analyzing module DFT_delay_s__parameterized3
INFO: [VRFC 10-311] analyzing module DFT_delay_s__parameterized4
INFO: [VRFC 10-311] analyzing module DFT_delay_s__parameterized5
INFO: [VRFC 10-311] analyzing module DFT_delay_s__parameterized7
INFO: [VRFC 10-311] analyzing module DFT_delay_s__parameterized7_100
INFO: [VRFC 10-311] analyzing module DFT_delay_s__parameterized7_101
INFO: [VRFC 10-311] analyzing module DFT_delay_s__parameterized7_110
INFO: [VRFC 10-311] analyzing module DFT_delay_s__parameterized7_111
INFO: [VRFC 10-311] analyzing module DFT_delay_s__parameterized7_122
INFO: [VRFC 10-311] analyzing module DFT_delay_s__parameterized7_123
INFO: [VRFC 10-311] analyzing module DFT_delay_s__parameterized7_134
INFO: [VRFC 10-311] analyzing module DFT_delay_s__parameterized7_135
INFO: [VRFC 10-311] analyzing module DFT_delay_s__parameterized7_146
INFO: [VRFC 10-311] analyzing module DFT_delay_s__parameterized7_147
INFO: [VRFC 10-311] analyzing module DFT_delay_s__parameterized7_159
INFO: [VRFC 10-311] analyzing module DFT_delay_s__parameterized7_160
INFO: [VRFC 10-311] analyzing module DFT_delay_s__parameterized7_167
INFO: [VRFC 10-311] analyzing module DFT_delay_s__parameterized7_168
INFO: [VRFC 10-311] analyzing module DFT_delay_s__parameterized7_288
INFO: [VRFC 10-311] analyzing module DFT_delay_s__parameterized7_289
INFO: [VRFC 10-311] analyzing module DFT_delay_s__parameterized7_292
INFO: [VRFC 10-311] analyzing module DFT_delay_s__parameterized7_293
INFO: [VRFC 10-311] analyzing module DFT_delay_s__parameterized7_296
INFO: [VRFC 10-311] analyzing module DFT_delay_s__parameterized7_297
INFO: [VRFC 10-311] analyzing module DFT_delay_s__parameterized7_300
INFO: [VRFC 10-311] analyzing module DFT_delay_s__parameterized7_301
INFO: [VRFC 10-311] analyzing module DFT_delay_s__parameterized7_304
INFO: [VRFC 10-311] analyzing module DFT_delay_s__parameterized7_305
INFO: [VRFC 10-311] analyzing module DFT_delay_s__parameterized7_308
INFO: [VRFC 10-311] analyzing module DFT_delay_s__parameterized7_309
INFO: [VRFC 10-311] analyzing module DFT_delay_s__parameterized7_33
INFO: [VRFC 10-311] analyzing module DFT_delay_s__parameterized9
INFO: [VRFC 10-311] analyzing module DFT_delay_s__parameterized9_40
INFO: [VRFC 10-311] analyzing module DFT_delay_s__parameterized9_90
INFO: [VRFC 10-311] analyzing module DFT_delay_s__parameterized9_94
INFO: [VRFC 10-311] analyzing module DFT_delay_u
INFO: [VRFC 10-311] analyzing module DFT_delay_u_313
INFO: [VRFC 10-311] analyzing module DFT_delay_u_314
INFO: [VRFC 10-311] analyzing module DFT_delay_u_315
INFO: [VRFC 10-311] analyzing module DFT_delay_u_316
INFO: [VRFC 10-311] analyzing module DFT_delay_u_317
INFO: [VRFC 10-311] analyzing module DFT_delay_u_318
INFO: [VRFC 10-311] analyzing module DFT_delay_u__parameterized0
INFO: [VRFC 10-311] analyzing module DFT_delay_u__parameterized0_172
INFO: [VRFC 10-311] analyzing module DFT_delay_u__parameterized1
INFO: [VRFC 10-311] analyzing module DFT_delay_u__parameterized1_319
INFO: [VRFC 10-311] analyzing module DFT_delay_u__parameterized1_320
INFO: [VRFC 10-311] analyzing module DFT_delay_u__parameterized1_321
INFO: [VRFC 10-311] analyzing module DFT_delay_u__parameterized1_322
INFO: [VRFC 10-311] analyzing module DFT_delay_u__parameterized1_323
INFO: [VRFC 10-311] analyzing module DFT_dft235_find_addr
INFO: [VRFC 10-311] analyzing module DFT_dft235_find_bank
INFO: [VRFC 10-311] analyzing module DFT_dft_v4_1_1_synth
INFO: [VRFC 10-311] analyzing module DFT_dft_v4_1_1_viv
INFO: [VRFC 10-311] analyzing module DFT_dsp48_wrapper
INFO: [VRFC 10-311] analyzing module DFT_dsp48_wrapper_36
INFO: [VRFC 10-311] analyzing module DFT_dsp48_wrapper_82
INFO: [VRFC 10-311] analyzing module DFT_dsp48_wrapper_84
INFO: [VRFC 10-311] analyzing module DFT_dsp48_wrapper__parameterized0
INFO: [VRFC 10-311] analyzing module DFT_dsp48_wrapper__parameterized0_35
INFO: [VRFC 10-311] analyzing module DFT_dsp48_wrapper__parameterized0_57
INFO: [VRFC 10-311] analyzing module DFT_dsp48_wrapper__parameterized0_59
INFO: [VRFC 10-311] analyzing module DFT_dsp48_wrapper__parameterized0_81
INFO: [VRFC 10-311] analyzing module DFT_dsp48_wrapper__parameterized0_83
INFO: [VRFC 10-311] analyzing module DFT_dsp48_wrapper__parameterized1
INFO: [VRFC 10-311] analyzing module DFT_dsp48_wrapper__parameterized1_45
INFO: [VRFC 10-311] analyzing module DFT_dsp48_wrapper__parameterized1_58
INFO: [VRFC 10-311] analyzing module DFT_dsp48_wrapper__parameterized1_61
INFO: [VRFC 10-311] analyzing module DFT_dsp48_wrapper__parameterized2
INFO: [VRFC 10-311] analyzing module DFT_dsp48_wrapper__parameterized2_44
INFO: [VRFC 10-311] analyzing module DFT_findAddrA
INFO: [VRFC 10-311] analyzing module DFT_idxRn
INFO: [VRFC 10-311] analyzing module DFT_idxRn_4
INFO: [VRFC 10-311] analyzing module DFT_idxRn__parameterized1
INFO: [VRFC 10-311] analyzing module DFT_idxRn__parameterized1_7
INFO: [VRFC 10-311] analyzing module DFT_idx_counter_v5
INFO: [VRFC 10-311] analyzing module DFT_input_mux
INFO: [VRFC 10-311] analyzing module DFT_layer_1_adders
INFO: [VRFC 10-311] analyzing module DFT_layer_2_adders
INFO: [VRFC 10-311] analyzing module DFT_layer_r3_mults
INFO: [VRFC 10-311] analyzing module DFT_margin_calc
INFO: [VRFC 10-311] analyzing module DFT_memory_block_v5
INFO: [VRFC 10-311] analyzing module DFT_memory_block_v5_0
INFO: [VRFC 10-311] analyzing module DFT_memory_block_v5_1
INFO: [VRFC 10-311] analyzing module DFT_memory_block_v5__parameterized2
INFO: [VRFC 10-311] analyzing module DFT_output_mux
INFO: [VRFC 10-311] analyzing module DFT_scale_and_quantize
INFO: [VRFC 10-311] analyzing module DFT_scale_and_quantize_24
INFO: [VRFC 10-311] analyzing module DFT_scale_and_quantize_25
INFO: [VRFC 10-311] analyzing module DFT_scale_and_quantize_26
INFO: [VRFC 10-311] analyzing module DFT_scale_and_quantize_27
INFO: [VRFC 10-311] analyzing module DFT_scale_and_quantize_28
INFO: [VRFC 10-311] analyzing module DFT_size_lut
INFO: [VRFC 10-311] analyzing module DFT_twiddle
INFO: [VRFC 10-311] analyzing module glbl
