#-----------------------------------------------------------
# Vivado v2019.1 (64-bit)
# SW Build 2552052 on Fri May 24 14:49:42 MDT 2019
# IP Build 2548770 on Fri May 24 18:01:18 MDT 2019
# Start of session at: Sat May 27 15:48:37 2023
# Process ID: 9444
# Current directory: C:/Moje_stvari/School/Vivado_Projects/mixer
# Command line: vivado.exe -gui_launcher_event rodinguilauncherevent11948 C:\Moje_stvari\School\Vivado_Projects\mixer\mixer.xpr
# Log file: C:/Moje_stvari/School/Vivado_Projects/mixer/vivado.log
# Journal file: C:/Moje_stvari/School/Vivado_Projects/mixer\vivado.jou
#-----------------------------------------------------------
start_gui
open_project C:/Moje_stvari/School/Vivado_Projects/mixer/mixer.xpr
Scanning sources...
Finished scanning sources
INFO: [IP_Flow 19-234] Refreshing IP repositories
INFO: [IP_Flow 19-1704] No user IP repositories specified
INFO: [IP_Flow 19-2313] Loaded Vivado IP repository 'C:/Xilinx/Vivado/2019.1/data/ip'.
open_project: Time (s): cpu = 00:00:16 ; elapsed = 00:00:07 . Memory (MB): peak = 697.531 ; gain = 68.789
update_compile_order -fileset sources_1
add_files -norecurse {C:/Moje_stvari/School/Vivado_Projects/debouncer_v6/debouncer_v6.srcs/sources_1/new/debouncer.vhd C:/Moje_stvari/School/Vivado_Projects/debouncer_v6/debouncer_v6.srcs/sources_1/new/button_counter.vhd}
update_compile_order -fileset sources_1
set_property source_mgmt_mode None [current_project]
set_property source_mgmt_mode All [current_project]
update_compile_order -fileset sources_1
set_property source_mgmt_mode All [current_project]
set_property source_mgmt_mode All [current_project]
launch_runs synth_1 -jobs 4
[Sat May 27 17:18:48 2023] Launched synth_1...
Run output will be captured here: C:/Moje_stvari/School/Vivado_Projects/mixer/mixer.runs/synth_1/runme.log
reset_run synth_1
launch_runs synth_1 -jobs 4
[Sat May 27 17:24:05 2023] Launched synth_1...
Run output will be captured here: C:/Moje_stvari/School/Vivado_Projects/mixer/mixer.runs/synth_1/runme.log
reset_run synth_1
launch_runs synth_1 -jobs 4
[Sat May 27 17:32:27 2023] Launched synth_1...
Run output will be captured here: C:/Moje_stvari/School/Vivado_Projects/mixer/mixer.runs/synth_1/runme.log
launch_runs impl_1 -jobs 4
[Sat May 27 17:34:14 2023] Launched impl_1...
Run output will be captured here: C:/Moje_stvari/School/Vivado_Projects/mixer/mixer.runs/impl_1/runme.log
open_run impl_1
INFO: [Device 21-403] Loading part xc7z020clg484-1
INFO: [Netlist 29-17] Analyzing 7 Unisim elements for replacement
INFO: [Netlist 29-28] Unisim Transformation completed in 1 CPU seconds
INFO: [Project 1-479] Netlist was created with Vivado 2019.1
INFO: [Project 1-570] Preparing netlist for logic optimization
INFO: [Timing 38-478] Restoring timing data from binary archive.
INFO: [Timing 38-479] Binary timing data restore complete.
INFO: [Project 1-856] Restoring constraints from binary archive.
INFO: [Project 1-853] Binary constraint restore complete.
Reading XDEF placement.
Reading placer database...
Reading XDEF routing.
Read XDEF File: Time (s): cpu = 00:00:00 ; elapsed = 00:00:00.118 . Memory (MB): peak = 1768.879 ; gain = 0.000
Restored from archive | CPU: 0.000000 secs | Memory: 0.000000 MB |
Finished XDEF File Restore: Time (s): cpu = 00:00:00 ; elapsed = 00:00:00.119 . Memory (MB): peak = 1768.879 ; gain = 0.000
Netlist sorting complete. Time (s): cpu = 00:00:00 ; elapsed = 00:00:00.001 . Memory (MB): peak = 1768.879 ; gain = 0.000
INFO: [Project 1-111] Unisim Transformation Summary:
  A total of 2 instances were transformed.
  IOBUF => IOBUF (IBUF, OBUFT): 1 instances
  SRLC32E => SRL16E: 1 instances

open_run: Time (s): cpu = 00:00:32 ; elapsed = 00:00:26 . Memory (MB): peak = 1912.289 ; gain = 1025.656
reset_run synth_1
launch_runs synth_1 -jobs 4
[Sat May 27 17:40:02 2023] Launched synth_1...
Run output will be captured here: C:/Moje_stvari/School/Vivado_Projects/mixer/mixer.runs/synth_1/runme.log
reset_run synth_1
launch_runs synth_1 -jobs 4
CRITICAL WARNING: [HDL 9-806] Syntax error near ",". [C:/Moje_stvari/School/Vivado_Projects/mixer/mixer.srcs/sources_1/imports/Audio/adau1761 test vhdl/audio_playback_top.vhd:46]
[Sat May 27 17:42:02 2023] Launched synth_1...
Run output will be captured here: C:/Moje_stvari/School/Vivado_Projects/mixer/mixer.runs/synth_1/runme.log
reset_run synth_1
launch_runs synth_1 -jobs 4
[Sat May 27 17:46:12 2023] Launched synth_1...
Run output will be captured here: C:/Moje_stvari/School/Vivado_Projects/mixer/mixer.runs/synth_1/runme.log
launch_runs impl_1 -jobs 4
[Sat May 27 17:47:12 2023] Launched impl_1...
Run output will be captured here: C:/Moje_stvari/School/Vivado_Projects/mixer/mixer.runs/impl_1/runme.log
refresh_design
INFO: [Netlist 29-17] Analyzing 55 Unisim elements for replacement
INFO: [Netlist 29-28] Unisim Transformation completed in 0 CPU seconds
INFO: [Project 1-479] Netlist was created with Vivado 2019.1
INFO: [Project 1-570] Preparing netlist for logic optimization
INFO: [Timing 38-478] Restoring timing data from binary archive.
INFO: [Timing 38-479] Binary timing data restore complete.
INFO: [Project 1-856] Restoring constraints from binary archive.
INFO: [Project 1-853] Binary constraint restore complete.
Reading XDEF placement.
Reading placer database...
Reading XDEF routing.
Read XDEF File: Time (s): cpu = 00:00:00 ; elapsed = 00:00:00.144 . Memory (MB): peak = 2162.285 ; gain = 0.000
Restored from archive | CPU: 0.000000 secs | Memory: 0.000000 MB |
Finished XDEF File Restore: Time (s): cpu = 00:00:00 ; elapsed = 00:00:00.144 . Memory (MB): peak = 2162.285 ; gain = 0.000
refresh_design: Time (s): cpu = 00:00:10 ; elapsed = 00:00:06 . Memory (MB): peak = 2162.285 ; gain = 17.195
reset_run synth_1
launch_runs synth_1 -jobs 4
[Sat May 27 18:51:29 2023] Launched synth_1...
Run output will be captured here: C:/Moje_stvari/School/Vivado_Projects/mixer/mixer.runs/synth_1/runme.log
reset_run synth_1
launch_runs synth_1 -jobs 4
[Sat May 27 18:53:07 2023] Launched synth_1...
Run output will be captured here: C:/Moje_stvari/School/Vivado_Projects/mixer/mixer.runs/synth_1/runme.log
reset_run synth_1
launch_runs synth_1 -jobs 4
[Sat May 27 18:58:22 2023] Launched synth_1...
Run output will be captured here: C:/Moje_stvari/School/Vivado_Projects/mixer/mixer.runs/synth_1/runme.log
reset_run synth_1
launch_runs synth_1 -jobs 4
[Sat May 27 18:59:59 2023] Launched synth_1...
Run output will be captured here: C:/Moje_stvari/School/Vivado_Projects/mixer/mixer.runs/synth_1/runme.log
launch_runs impl_1 -jobs 4
[Sat May 27 19:00:54 2023] Launched impl_1...
Run output will be captured here: C:/Moje_stvari/School/Vivado_Projects/mixer/mixer.runs/impl_1/runme.log
refresh_design
INFO: [Netlist 29-17] Analyzing 55 Unisim elements for replacement
INFO: [Netlist 29-28] Unisim Transformation completed in 0 CPU seconds
INFO: [Project 1-479] Netlist was created with Vivado 2019.1
INFO: [Project 1-570] Preparing netlist for logic optimization
INFO: [Timing 38-478] Restoring timing data from binary archive.
INFO: [Timing 38-479] Binary timing data restore complete.
INFO: [Project 1-856] Restoring constraints from binary archive.
INFO: [Project 1-853] Binary constraint restore complete.
Reading XDEF placement.
Reading placer database...
Reading XDEF routing.
Read XDEF File: Time (s): cpu = 00:00:00 ; elapsed = 00:00:00.178 . Memory (MB): peak = 2162.285 ; gain = 0.000
Restored from archive | CPU: 0.000000 secs | Memory: 0.000000 MB |
Finished XDEF File Restore: Time (s): cpu = 00:00:00 ; elapsed = 00:00:00.179 . Memory (MB): peak = 2162.285 ; gain = 0.000
refresh_design: Time (s): cpu = 00:00:11 ; elapsed = 00:00:07 . Memory (MB): peak = 2162.285 ; gain = 0.000
reset_run synth_1
launch_runs synth_1 -jobs 4
[Sat May 27 19:12:31 2023] Launched synth_1...
Run output will be captured here: C:/Moje_stvari/School/Vivado_Projects/mixer/mixer.runs/synth_1/runme.log
reset_run synth_1
launch_runs synth_1 -jobs 4
[Sat May 27 19:16:23 2023] Launched synth_1...
Run output will be captured here: C:/Moje_stvari/School/Vivado_Projects/mixer/mixer.runs/synth_1/runme.log
launch_runs impl_1 -jobs 4
[Sat May 27 19:17:26 2023] Launched impl_1...
Run output will be captured here: C:/Moje_stvari/School/Vivado_Projects/mixer/mixer.runs/impl_1/runme.log
refresh_design
INFO: [Netlist 29-17] Analyzing 55 Unisim elements for replacement
INFO: [Netlist 29-28] Unisim Transformation completed in 0 CPU seconds
INFO: [Project 1-479] Netlist was created with Vivado 2019.1
INFO: [Project 1-570] Preparing netlist for logic optimization
INFO: [Timing 38-478] Restoring timing data from binary archive.
INFO: [Timing 38-479] Binary timing data restore complete.
INFO: [Project 1-856] Restoring constraints from binary archive.
INFO: [Project 1-853] Binary constraint restore complete.
Reading XDEF placement.
Reading placer database...
Reading XDEF routing.
Read XDEF File: Time (s): cpu = 00:00:00 ; elapsed = 00:00:00.199 . Memory (MB): peak = 2309.957 ; gain = 0.000
Restored from archive | CPU: 0.000000 secs | Memory: 0.000000 MB |
Finished XDEF File Restore: Time (s): cpu = 00:00:00 ; elapsed = 00:00:00.199 . Memory (MB): peak = 2309.957 ; gain = 0.000
refresh_design: Time (s): cpu = 00:00:09 ; elapsed = 00:00:07 . Memory (MB): peak = 2309.957 ; gain = 129.570
launch_runs impl_1 -to_step write_bitstream -jobs 4
[Sat May 27 19:19:15 2023] Launched impl_1...
Run output will be captured here: C:/Moje_stvari/School/Vivado_Projects/mixer/mixer.runs/impl_1/runme.log
reset_run synth_1
launch_runs synth_1 -jobs 4
[Sat May 27 19:29:35 2023] Launched synth_1...
Run output will be captured here: C:/Moje_stvari/School/Vivado_Projects/mixer/mixer.runs/synth_1/runme.log
launch_runs impl_1 -jobs 4
[Sat May 27 19:30:40 2023] Launched impl_1...
Run output will be captured here: C:/Moje_stvari/School/Vivado_Projects/mixer/mixer.runs/impl_1/runme.log
refresh_design
INFO: [Netlist 29-17] Analyzing 55 Unisim elements for replacement
INFO: [Netlist 29-28] Unisim Transformation completed in 0 CPU seconds
INFO: [Project 1-479] Netlist was created with Vivado 2019.1
INFO: [Project 1-570] Preparing netlist for logic optimization
INFO: [Timing 38-478] Restoring timing data from binary archive.
INFO: [Timing 38-479] Binary timing data restore complete.
INFO: [Project 1-856] Restoring constraints from binary archive.
INFO: [Project 1-853] Binary constraint restore complete.
Reading XDEF placement.
Reading placer database...
Reading XDEF routing.
Read XDEF File: Time (s): cpu = 00:00:00 ; elapsed = 00:00:00.187 . Memory (MB): peak = 2476.395 ; gain = 0.000
Restored from archive | CPU: 0.000000 secs | Memory: 0.000000 MB |
Finished XDEF File Restore: Time (s): cpu = 00:00:00 ; elapsed = 00:00:00.187 . Memory (MB): peak = 2476.395 ; gain = 0.000
refresh_design: Time (s): cpu = 00:00:10 ; elapsed = 00:00:07 . Memory (MB): peak = 2476.395 ; gain = 113.082
reset_run synth_1
launch_runs impl_1 -to_step write_bitstream -jobs 4
[Sat May 27 19:32:47 2023] Launched synth_1...
Run output will be captured here: C:/Moje_stvari/School/Vivado_Projects/mixer/mixer.runs/synth_1/runme.log
[Sat May 27 19:32:47 2023] Launched impl_1...
Run output will be captured here: C:/Moje_stvari/School/Vivado_Projects/mixer/mixer.runs/impl_1/runme.log
add_files -fileset utils_1 -norecurse C:/Users/Inc/Downloads/script.tcl
set_property STEPS.WRITE_BITSTREAM.TCL.PRE [ get_files C:/Users/Inc/Downloads/script.tcl -of [get_fileset utils_1] ] [get_runs impl_1]
WARNING: [filemgmt 56-199] Attempt to get parsing info during refresh. "On-the-fly" syntax checking information may be incorrect. [C:/Moje_stvari/School/Vivado_Projects/mixer/mixer.srcs/sources_1/imports/Audio/adau1761 test vhdl/audio_playback_top.vhd:]
WARNING: [filemgmt 56-199] Attempt to get parsing info during refresh. "On-the-fly" syntax checking information may be incorrect. [C:/Moje_stvari/School/Vivado_Projects/mixer/mixer.srcs/sources_1/imports/Audio/adau1761 driver vhdl/audio_top.vhd:]
WARNING: [filemgmt 56-199] Attempt to get parsing info during refresh. "On-the-fly" syntax checking information may be incorrect. [C:/Moje_stvari/School/Vivado_Projects/debouncer_v6/debouncer_v6.srcs/sources_1/new/debouncer.vhd:]
WARNING: [filemgmt 56-199] Attempt to get parsing info during refresh. "On-the-fly" syntax checking information may be incorrect. [C:/Moje_stvari/School/Vivado_Projects/debouncer_v6/debouncer_v6.srcs/sources_1/new/button_counter.vhd:]
WARNING: [filemgmt 56-199] Attempt to get parsing info during refresh. "On-the-fly" syntax checking information may be incorrect. [C:/Moje_stvari/School/Vivado_Projects/mixer/mixer.srcs/sources_1/imports/Audio/adau1761 test vhdl/audio_playback_top.vhd:]
WARNING: [filemgmt 56-199] Attempt to get parsing info during refresh. "On-the-fly" syntax checking information may be incorrect. [C:/Moje_stvari/School/Vivado_Projects/mixer/mixer.srcs/sources_1/imports/Audio/adau1761 driver vhdl/audio_top.vhd:]
WARNING: [filemgmt 56-199] Attempt to get parsing info during refresh. "On-the-fly" syntax checking information may be incorrect. [C:/Moje_stvari/School/Vivado_Projects/debouncer_v6/debouncer_v6.srcs/sources_1/new/debouncer.vhd:]
WARNING: [filemgmt 56-199] Attempt to get parsing info during refresh. "On-the-fly" syntax checking information may be incorrect. [C:/Moje_stvari/School/Vivado_Projects/debouncer_v6/debouncer_v6.srcs/sources_1/new/button_counter.vhd:]
ERROR: [Common 17-180] Spawn failed: No error
WARNING: [filemgmt 56-199] Attempt to get parsing info during refresh. "On-the-fly" syntax checking information may be incorrect. [C:/Moje_stvari/School/Vivado_Projects/mixer/mixer.srcs/sources_1/imports/Audio/adau1761 test vhdl/audio_playback_top.vhd:]
WARNING: [filemgmt 56-199] Attempt to get parsing info during refresh. "On-the-fly" syntax checking information may be incorrect. [C:/Moje_stvari/School/Vivado_Projects/mixer/mixer.srcs/sources_1/imports/Audio/adau1761 driver vhdl/audio_top.vhd:]
WARNING: [filemgmt 56-199] Attempt to get parsing info during refresh. "On-the-fly" syntax checking information may be incorrect. [C:/Moje_stvari/School/Vivado_Projects/debouncer_v6/debouncer_v6.srcs/sources_1/new/debouncer.vhd:]
WARNING: [filemgmt 56-199] Attempt to get parsing info during refresh. "On-the-fly" syntax checking information may be incorrect. [C:/Moje_stvari/School/Vivado_Projects/debouncer_v6/debouncer_v6.srcs/sources_1/new/button_counter.vhd:]
ERROR: [Common 17-180] Spawn failed: No error
set_property STEPS.WRITE_BITSTREAM.TCL.PRE [ get_files C:/Users/Inc/Downloads/script.tcl -of [get_fileset utils_1] ] [get_runs impl_1]
reset_run impl_1 -prev_step 
launch_runs impl_1 -to_step write_bitstream -jobs 4
[Sat May 27 19:37:17 2023] Launched impl_1...
Run output will be captured here: C:/Moje_stvari/School/Vivado_Projects/mixer/mixer.runs/impl_1/runme.log
open_hw
connect_hw_server
INFO: [Labtools 27-2285] Connecting to hw_server url TCP:localhost:3121
INFO: [Labtools 27-2222] Launching hw_server...
INFO: [Labtools 27-2221] Launch Output:

****** Xilinx hw_server v2019.1
  **** Build date : May 24 2019 at 15:13:31
    ** Copyright 1986-2019 Xilinx, Inc. All Rights Reserved.


open_hw_target
INFO: [Labtoolstcl 44-466] Opening hw_target localhost:3121/xilinx_tcf/Digilent/210248775017
open_hw_target: Time (s): cpu = 00:00:05 ; elapsed = 00:00:09 . Memory (MB): peak = 3485.145 ; gain = 1008.750
set_property PROGRAM.FILE {C:/Moje_stvari/School/Vivado_Projects/mixer/mixer.runs/impl_1/audio_testbench.bit} [get_hw_devices xc7z020_1]
current_hw_device [get_hw_devices xc7z020_1]
refresh_hw_device -update_hw_probes false [lindex [get_hw_devices xc7z020_1] 0]
INFO: [Labtools 27-1435] Device xc7z020 (JTAG device index = 1) is not programmed (DONE status = 0).
set_property PROBES.FILE {} [get_hw_devices xc7z020_1]
set_property FULL_PROBES.FILE {} [get_hw_devices xc7z020_1]
set_property PROGRAM.FILE {C:/Moje_stvari/School/Vivado_Projects/mixer/mixer.runs/impl_1/audio_testbench.bit} [get_hw_devices xc7z020_1]
program_hw_devices [get_hw_devices xc7z020_1]
INFO: [Labtools 27-3164] End of startup status: HIGH
refresh_hw_device [lindex [get_hw_devices xc7z020_1] 0]
INFO: [Labtools 27-1434] Device xc7z020 (JTAG device index = 1) is programmed with a design that has no supported debug core(s) in it.
ERROR: [Labtoolstcl 44-513] HW Target shutdown. Closing target: localhost:3121/xilinx_tcf/Digilent/210248775017
INFO: [Labtoolstcl 44-466] Opening hw_target localhost:3121/xilinx_tcf/Digilent/210248775017
WARNING: [Labtoolstcl 44-129] No matching hw_ila_data was found.
INFO: [Labtools 27-1434] Device xc7z020 (JTAG device index = 1) is programmed with a design that has no supported debug core(s) in it.
WARNING: [Labtoolstcl 44-129] No matching hw_ila_data was found.
ERROR: [Labtoolstcl 44-513] HW Target shutdown. Closing target: localhost:3121/xilinx_tcf/Digilent/210248775017
INFO: [Labtoolstcl 44-466] Opening hw_target localhost:3121/xilinx_tcf/Digilent/210248775017
WARNING: [Labtoolstcl 44-129] No matching hw_ila_data was found.
INFO: [Labtools 27-1434] Device xc7z020 (JTAG device index = 1) is programmed with a design that has no supported debug core(s) in it.
WARNING: [Labtoolstcl 44-129] No matching hw_ila_data was found.
ERROR: [Labtoolstcl 44-513] HW Target shutdown. Closing target: localhost:3121/xilinx_tcf/Digilent/210248775017
INFO: [Labtoolstcl 44-466] Opening hw_target localhost:3121/xilinx_tcf/Digilent/210248775017
WARNING: [Labtoolstcl 44-129] No matching hw_ila_data was found.
INFO: [Labtools 27-1434] Device xc7z020 (JTAG device index = 1) is programmed with a design that has no supported debug core(s) in it.
WARNING: [Labtoolstcl 44-129] No matching hw_ila_data was found.
ERROR: [Labtoolstcl 44-513] HW Target shutdown. Closing target: localhost:3121/xilinx_tcf/Digilent/210248775017
exit
INFO: [Common 17-206] Exiting Vivado at Sat May 27 20:22:36 2023...
