Copyright 1986-2019 Xilinx, Inc. All Rights Reserved.
-----------------------------------------------------------------------------------------------------------------------------------------------------------------------------------------------------
| Tool Version : Vivado v.2019.1 (win64) Build 2552052 Fri May 24 14:49:42 MDT 2019
| Date         : Sat May 27 15:21:36 2023
| Host         : ROGG15 running 64-bit major release  (build 9200)
| Command      : report_timing_summary -max_paths 10 -file Visualizer_timing_summary_routed.rpt -pb Visualizer_timing_summary_routed.pb -rpx Visualizer_timing_summary_routed.rpx -warn_on_violation
| Design       : Visualizer
| Device       : 7z020-clg484
| Speed File   : -1  PRODUCTION 1.11 2014-09-11
-----------------------------------------------------------------------------------------------------------------------------------------------------------------------------------------------------

Timing Summary Report

------------------------------------------------------------------------------------------------
| Timer Settings
| --------------
------------------------------------------------------------------------------------------------

  Enable Multi Corner Analysis               :  Yes
  Enable Pessimism Removal                   :  Yes
  Pessimism Removal Resolution               :  Nearest Common Node
  Enable Input Delay Default Clock           :  No
  Enable Preset / Clear Arcs                 :  No
  Disable Flight Delays                      :  No
  Ignore I/O Paths                           :  No
  Timing Early Launch at Borrowing Latches   :  No
  Borrow Time for Max Delay Exceptions       :  Yes

  Corner  Analyze    Analyze    
  Name    Max Paths  Min Paths  
  ------  ---------  ---------  
  Slow    Yes        Yes        
  Fast    Yes        Yes        



check_timing report

Table of Contents
-----------------
1. checking no_clock
2. checking constant_clock
3. checking pulse_width_clock
4. checking unconstrained_internal_endpoints
5. checking no_input_delay
6. checking no_output_delay
7. checking multiple_clock
8. checking generated_clocks
9. checking loops
10. checking partial_input_delay
11. checking partial_output_delay
12. checking latch_loops

1. checking no_clock
--------------------
 There are 496 register/latch pins with no clock driven by root clock pin: clk_100 (HIGH)

 There are 5 register/latch pins with no clock driven by root clock pin: DFT/DFT_block/U0/i_synth/i/output_mux_u/output_int_reg[im][10]/Q (HIGH)

 There are 5 register/latch pins with no clock driven by root clock pin: DFT/DFT_block/U0/i_synth/i/output_mux_u/output_int_reg[im][11]/Q (HIGH)

 There are 5 register/latch pins with no clock driven by root clock pin: DFT/DFT_block/U0/i_synth/i/output_mux_u/output_int_reg[im][12]/Q (HIGH)

 There are 5 register/latch pins with no clock driven by root clock pin: DFT/DFT_block/U0/i_synth/i/output_mux_u/output_int_reg[im][13]/Q (HIGH)

 There are 5 register/latch pins with no clock driven by root clock pin: DFT/DFT_block/U0/i_synth/i/output_mux_u/output_int_reg[im][14]/Q (HIGH)

 There are 5 register/latch pins with no clock driven by root clock pin: DFT/DFT_block/U0/i_synth/i/output_mux_u/output_int_reg[im][15]/Q (HIGH)

 There are 5 register/latch pins with no clock driven by root clock pin: DFT/DFT_block/U0/i_synth/i/output_mux_u/output_int_reg[im][16]/Q (HIGH)

 There are 5 register/latch pins with no clock driven by root clock pin: DFT/DFT_block/U0/i_synth/i/output_mux_u/output_int_reg[im][17]/Q (HIGH)

 There are 5 register/latch pins with no clock driven by root clock pin: DFT/DFT_block/U0/i_synth/i/output_mux_u/output_int_reg[im][1]/Q (HIGH)

 There are 5 register/latch pins with no clock driven by root clock pin: DFT/DFT_block/U0/i_synth/i/output_mux_u/output_int_reg[im][2]/Q (HIGH)

 There are 5 register/latch pins with no clock driven by root clock pin: DFT/DFT_block/U0/i_synth/i/output_mux_u/output_int_reg[im][3]/Q (HIGH)

 There are 5 register/latch pins with no clock driven by root clock pin: DFT/DFT_block/U0/i_synth/i/output_mux_u/output_int_reg[im][4]/Q (HIGH)

 There are 5 register/latch pins with no clock driven by root clock pin: DFT/DFT_block/U0/i_synth/i/output_mux_u/output_int_reg[im][5]/Q (HIGH)

 There are 5 register/latch pins with no clock driven by root clock pin: DFT/DFT_block/U0/i_synth/i/output_mux_u/output_int_reg[im][6]/Q (HIGH)

 There are 5 register/latch pins with no clock driven by root clock pin: DFT/DFT_block/U0/i_synth/i/output_mux_u/output_int_reg[im][7]/Q (HIGH)

 There are 5 register/latch pins with no clock driven by root clock pin: DFT/DFT_block/U0/i_synth/i/output_mux_u/output_int_reg[im][8]/Q (HIGH)

 There are 5 register/latch pins with no clock driven by root clock pin: DFT/DFT_block/U0/i_synth/i/output_mux_u/output_int_reg[im][9]/Q (HIGH)

 There are 5 register/latch pins with no clock driven by root clock pin: DFT/DFT_block/U0/i_synth/i/output_mux_u/output_int_reg[re][10]/Q (HIGH)

 There are 5 register/latch pins with no clock driven by root clock pin: DFT/DFT_block/U0/i_synth/i/output_mux_u/output_int_reg[re][11]/Q (HIGH)

 There are 5 register/latch pins with no clock driven by root clock pin: DFT/DFT_block/U0/i_synth/i/output_mux_u/output_int_reg[re][12]/Q (HIGH)

 There are 5 register/latch pins with no clock driven by root clock pin: DFT/DFT_block/U0/i_synth/i/output_mux_u/output_int_reg[re][13]/Q (HIGH)

 There are 5 register/latch pins with no clock driven by root clock pin: DFT/DFT_block/U0/i_synth/i/output_mux_u/output_int_reg[re][14]/Q (HIGH)

 There are 5 register/latch pins with no clock driven by root clock pin: DFT/DFT_block/U0/i_synth/i/output_mux_u/output_int_reg[re][15]/Q (HIGH)

 There are 5 register/latch pins with no clock driven by root clock pin: DFT/DFT_block/U0/i_synth/i/output_mux_u/output_int_reg[re][16]/Q (HIGH)

 There are 5 register/latch pins with no clock driven by root clock pin: DFT/DFT_block/U0/i_synth/i/output_mux_u/output_int_reg[re][17]/Q (HIGH)

 There are 5 register/latch pins with no clock driven by root clock pin: DFT/DFT_block/U0/i_synth/i/output_mux_u/output_int_reg[re][1]/Q (HIGH)

 There are 5 register/latch pins with no clock driven by root clock pin: DFT/DFT_block/U0/i_synth/i/output_mux_u/output_int_reg[re][2]/Q (HIGH)

 There are 5 register/latch pins with no clock driven by root clock pin: DFT/DFT_block/U0/i_synth/i/output_mux_u/output_int_reg[re][3]/Q (HIGH)

 There are 5 register/latch pins with no clock driven by root clock pin: DFT/DFT_block/U0/i_synth/i/output_mux_u/output_int_reg[re][4]/Q (HIGH)

 There are 5 register/latch pins with no clock driven by root clock pin: DFT/DFT_block/U0/i_synth/i/output_mux_u/output_int_reg[re][5]/Q (HIGH)

 There are 5 register/latch pins with no clock driven by root clock pin: DFT/DFT_block/U0/i_synth/i/output_mux_u/output_int_reg[re][6]/Q (HIGH)

 There are 5 register/latch pins with no clock driven by root clock pin: DFT/DFT_block/U0/i_synth/i/output_mux_u/output_int_reg[re][7]/Q (HIGH)

 There are 5 register/latch pins with no clock driven by root clock pin: DFT/DFT_block/U0/i_synth/i/output_mux_u/output_int_reg[re][8]/Q (HIGH)

 There are 5 register/latch pins with no clock driven by root clock pin: DFT/DFT_block/U0/i_synth/i/output_mux_u/output_int_reg[re][9]/Q (HIGH)

 There are 5100 register/latch pins with no clock driven by root clock pin: DFT/clk_100_100k/tmp_clk_reg/Q (HIGH)

 There are 9 register/latch pins with no clock driven by root clock pin: DFT/counter_block/terminal_count_reg/Q (HIGH)

 There are 14 register/latch pins with no clock driven by root clock pin: DFT/current_state_reg[0]/Q (HIGH)

 There are 5 register/latch pins with no clock driven by root clock pin: DFT/current_state_reg[1]/Q (HIGH)

 There are 14 register/latch pins with no clock driven by root clock pin: DFT/current_state_reg[2]/Q (HIGH)

 There are 19 register/latch pins with no clock driven by root clock pin: Video/VGA_timings/Hactive_reg/Q (HIGH)

 There are 34 register/latch pins with no clock driven by root clock pin: Video/VGA_timings/Hsync_reg/Q (HIGH)

 There are 19 register/latch pins with no clock driven by root clock pin: Video/VGA_timings/Vactive_reg/Q (HIGH)

 There are 65 register/latch pins with no clock driven by root clock pin: Video/VGA_timings/Vsync_reg/Q (HIGH)

 There are 60 register/latch pins with no clock driven by root clock pin: Video/Video_output/ram_index_reg[0]/Q (HIGH)

 There are 60 register/latch pins with no clock driven by root clock pin: Video/Video_output/ram_index_reg[1]/Q (HIGH)

 There are 60 register/latch pins with no clock driven by root clock pin: Video/Video_output/ram_index_reg[2]/Q (HIGH)

 There are 60 register/latch pins with no clock driven by root clock pin: Video/Video_output/ram_index_reg[3]/Q (HIGH)

 There are 64 register/latch pins with no clock driven by root clock pin: Video/Video_output/toggle_reg/Q (HIGH)

 There are 73 register/latch pins with no clock driven by root clock pin: Video/clk_div_100_25/tmp_clk_reg/Q (HIGH)


2. checking constant_clock
--------------------------
 There are 0 register/latch pins with constant_clock.


3. checking pulse_width_clock
-----------------------------
 There are 0 register/latch pins which need pulse_width check


4. checking unconstrained_internal_endpoints
--------------------------------------------
 There are 13608 pins that are not constrained for maximum delay. (HIGH)

 There are 0 pins that are not constrained for maximum delay due to constant clock.


5. checking no_input_delay
--------------------------
 There are 8 input ports with no input delay specified. (HIGH)

 There are 0 input ports with no input delay but user has a false path constraint.


6. checking no_output_delay
---------------------------
 There are 30 ports with no output delay specified. (HIGH)

 There are 0 ports with no output delay but user has a false path constraint

 There are 0 ports with no output delay but with a timing clock defined on it or propagating through it


7. checking multiple_clock
--------------------------
 There are 0 register/latch pins with multiple clocks.


8. checking generated_clocks
----------------------------
 There are 0 generated clocks that are not connected to a clock source.


9. checking loops
-----------------
 There are 0 combinational loops in the design.


10. checking partial_input_delay
--------------------------------
 There are 0 input ports with partial input delay specified.


11. checking partial_output_delay
---------------------------------
 There are 0 ports with partial output delay specified.


12. checking latch_loops
------------------------
 There are 4 combinational latch loops in the design through latch input (HIGH)



------------------------------------------------------------------------------------------------
| Design Timing Summary
| ---------------------
------------------------------------------------------------------------------------------------

    WNS(ns)      TNS(ns)  TNS Failing Endpoints  TNS Total Endpoints      WHS(ns)      THS(ns)  THS Failing Endpoints  THS Total Endpoints     WPWS(ns)     TPWS(ns)  TPWS Failing Endpoints  TPWS Total Endpoints  
    -------      -------  ---------------------  -------------------      -------      -------  ---------------------  -------------------     --------     --------  ----------------------  --------------------  
         NA           NA                     NA                   NA           NA           NA                     NA                   NA           NA           NA                      NA                    NA  


There are no user specified timing constraints.


------------------------------------------------------------------------------------------------
| Clock Summary
| -------------
------------------------------------------------------------------------------------------------


------------------------------------------------------------------------------------------------
| Intra Clock Table
| -----------------
------------------------------------------------------------------------------------------------

Clock             WNS(ns)      TNS(ns)  TNS Failing Endpoints  TNS Total Endpoints      WHS(ns)      THS(ns)  THS Failing Endpoints  THS Total Endpoints     WPWS(ns)     TPWS(ns)  TPWS Failing Endpoints  TPWS Total Endpoints  
-----             -------      -------  ---------------------  -------------------      -------      -------  ---------------------  -------------------     --------     --------  ----------------------  --------------------  


------------------------------------------------------------------------------------------------
| Inter Clock Table
| -----------------
------------------------------------------------------------------------------------------------

From Clock    To Clock          WNS(ns)      TNS(ns)  TNS Failing Endpoints  TNS Total Endpoints      WHS(ns)      THS(ns)  THS Failing Endpoints  THS Total Endpoints  
----------    --------          -------      -------  ---------------------  -------------------      -------      -------  ---------------------  -------------------  


------------------------------------------------------------------------------------------------
| Other Path Groups Table
| -----------------------
------------------------------------------------------------------------------------------------

Path Group    From Clock    To Clock          WNS(ns)      TNS(ns)  TNS Failing Endpoints  TNS Total Endpoints      WHS(ns)      THS(ns)  THS Failing Endpoints  THS Total Endpoints  
----------    ----------    --------          -------      -------  ---------------------  -------------------      -------      -------  ---------------------  -------------------  


------------------------------------------------------------------------------------------------
| Timing Details
| --------------
------------------------------------------------------------------------------------------------


